{
  "/Users/fanping/myself/node/convertPath/lib/dispatcher.js": {
    "path": "/Users/fanping/myself/node/convertPath/lib/dispatcher.js",
    "statementMap": {
      "0": {
        "start": { "line": 1, "column": 27 },
        "end": { "line": 1, "column": 68 }
      },
      "1": {
        "start": { "line": 2, "column": 21 },
        "end": { "line": 2, "column": 56 }
      },
      "2": {
        "start": { "line": 3, "column": 25 },
        "end": { "line": 3, "column": 64 }
      },
      "3": {
        "start": { "line": 4, "column": 32 },
        "end": { "line": 4, "column": 78 }
      },
      "4": {
        "start": { "line": 5, "column": 23 },
        "end": { "line": 5, "column": 60 }
      },
      "5": {
        "start": { "line": 6, "column": 26 },
        "end": { "line": 6, "column": 66 }
      },
      "6": {
        "start": { "line": 8, "column": 18 },
        "end": { "line": 8, "column": 22 }
      },
      "7": {
        "start": { "line": 10, "column": 19 },
        "end": { "line": 35, "column": 1 }
      },
      "8": {
        "start": { "line": 12, "column": 4 },
        "end": { "line": 12, "column": 26 }
      },
      "9": {
        "start": { "line": 13, "column": 4 },
        "end": { "line": 13, "column": 10 }
      },
      "10": {
        "start": { "line": 16, "column": 4 },
        "end": { "line": 16, "column": 27 }
      },
      "11": {
        "start": { "line": 17, "column": 4 },
        "end": { "line": 17, "column": 10 }
      },
      "12": {
        "start": { "line": 20, "column": 4 },
        "end": { "line": 20, "column": 21 }
      },
      "13": {
        "start": { "line": 21, "column": 4 },
        "end": { "line": 21, "column": 10 }
      },
      "14": {
        "start": { "line": 24, "column": 4 },
        "end": { "line": 24, "column": 38 }
      },
      "15": {
        "start": { "line": 25, "column": 4 },
        "end": { "line": 25, "column": 10 }
      },
      "16": {
        "start": { "line": 28, "column": 4 },
        "end": { "line": 28, "column": 32 }
      },
      "17": {
        "start": { "line": 29, "column": 4 },
        "end": { "line": 29, "column": 10 }
      },
      "18": {
        "start": { "line": 32, "column": 4 },
        "end": { "line": 32, "column": 23 }
      },
      "19": {
        "start": { "line": 33, "column": 4 },
        "end": { "line": 33, "column": 10 }
      },
      "20": {
        "start": { "line": 49, "column": 2 },
        "end": { "line": 51, "column": 3 }
      },
      "21": {
        "start": { "line": 50, "column": 4 },
        "end": { "line": 50, "column": 61 }
      },
      "22": {
        "start": { "line": 52, "column": 2 },
        "end": { "line": 56, "column": 3 }
      },
      "23": {
        "start": { "line": 53, "column": 4 },
        "end": { "line": 55, "column": 5 }
      },
      "24": {
        "start": { "line": 54, "column": 6 },
        "end": { "line": 54, "column": 70 }
      },
      "25": {
        "start": { "line": 58, "column": 2 },
        "end": { "line": 78, "column": 3 }
      },
      "26": {
        "start": { "line": 61, "column": 16 },
        "end": { "line": 61, "column": 18 }
      },
      "27": {
        "start": { "line": 62, "column": 4 },
        "end": { "line": 62, "column": 22 }
      },
      "28": {
        "start": { "line": 64, "column": 6 },
        "end": { "line": 64, "column": 15 }
      },
      "29": {
        "start": { "line": 65, "column": 15 },
        "end": { "line": 65, "column": 28 }
      },
      "30": {
        "start": { "line": 66, "column": 6 },
        "end": { "line": 68, "column": 7 }
      },
      "31": {
        "start": { "line": 67, "column": 8 },
        "end": { "line": 67, "column": 17 }
      },
      "32": {
        "start": { "line": 69, "column": 6 },
        "end": { "line": 69, "column": 21 }
      },
      "33": {
        "start": { "line": 69, "column": 15 },
        "end": { "line": 69, "column": 21 }
      },
      "34": {
        "start": { "line": 70, "column": 6 },
        "end": { "line": 76, "column": 7 }
      },
      "35": {
        "start": { "line": 71, "column": 8 },
        "end": { "line": 71, "column": 54 }
      },
      "36": {
        "start": { "line": 74, "column": 8 },
        "end": { "line": 74, "column": 26 }
      },
      "37": {
        "start": { "line": 75, "column": 8 },
        "end": { "line": 75, "column": 43 }
      },
      "38": {
        "start": { "line": 86, "column": 19 },
        "end": { "line": 100, "column": 1 }
      },
      "39": {
        "start": { "line": 87, "column": 2 },
        "end": { "line": 87, "column": 20 }
      },
      "40": {
        "start": { "line": 88, "column": 2 },
        "end": { "line": 88, "column": 30 }
      },
      "41": {
        "start": { "line": 88, "column": 12 },
        "end": { "line": 88, "column": 30 }
      },
      "42": {
        "start": { "line": 90, "column": 21 },
        "end": { "line": 90, "column": 23 }
      },
      "43": {
        "start": { "line": 92, "column": 2 },
        "end": { "line": 96, "column": 4 }
      },
      "44": {
        "start": { "line": 93, "column": 4 },
        "end": { "line": 95, "column": 5 }
      },
      "45": {
        "start": { "line": 94, "column": 6 },
        "end": { "line": 94, "column": 52 }
      },
      "46": {
        "start": { "line": 99, "column": 2 },
        "end": { "line": 99, "column": 53 }
      },
      "47": {
        "start": { "line": 99, "column": 29 },
        "end": { "line": 99, "column": 53 }
      },
      "48": {
        "start": { "line": 102, "column": 0 },
        "end": { "line": 104, "column": 1 }
      }
    },
    "fnMap": {
      "0": {
        "name": "(anonymous_0)",
        "decl": {
          "start": { "line": 11, "column": 21 },
          "end": { "line": 11, "column": 22 }
        },
        "loc": {
          "start": { "line": 11, "column": 36 },
          "end": { "line": 14, "column": 3 }
        },
        "line": 11
      },
      "1": {
        "name": "(anonymous_1)",
        "decl": {
          "start": { "line": 15, "column": 22 },
          "end": { "line": 15, "column": 23 }
        },
        "loc": {
          "start": { "line": 15, "column": 37 },
          "end": { "line": 18, "column": 3 }
        },
        "line": 15
      },
      "2": {
        "name": "(anonymous_2)",
        "decl": {
          "start": { "line": 19, "column": 16 },
          "end": { "line": 19, "column": 17 }
        },
        "loc": {
          "start": { "line": 19, "column": 31 },
          "end": { "line": 22, "column": 3 }
        },
        "line": 19
      },
      "3": {
        "name": "(anonymous_3)",
        "decl": {
          "start": { "line": 23, "column": 20 },
          "end": { "line": 23, "column": 21 }
        },
        "loc": {
          "start": { "line": 23, "column": 35 },
          "end": { "line": 26, "column": 3 }
        },
        "line": 23
      },
      "4": {
        "name": "(anonymous_4)",
        "decl": {
          "start": { "line": 27, "column": 27 },
          "end": { "line": 27, "column": 28 }
        },
        "loc": {
          "start": { "line": 27, "column": 42 },
          "end": { "line": 30, "column": 3 }
        },
        "line": 27
      },
      "5": {
        "name": "(anonymous_5)",
        "decl": {
          "start": { "line": 31, "column": 18 },
          "end": { "line": 31, "column": 19 }
        },
        "loc": {
          "start": { "line": 31, "column": 33 },
          "end": { "line": 34, "column": 3 }
        },
        "line": 31
      },
      "6": {
        "name": "Compose",
        "decl": {
          "start": { "line": 48, "column": 9 },
          "end": { "line": 48, "column": 16 }
        },
        "loc": {
          "start": { "line": 48, "column": 30 },
          "end": { "line": 79, "column": 1 }
        },
        "line": 48
      },
      "7": {
        "name": "(anonymous_7)",
        "decl": {
          "start": { "line": 58, "column": 9 },
          "end": { "line": 58, "column": 10 }
        },
        "loc": {
          "start": { "line": 58, "column": 34 },
          "end": { "line": 78, "column": 3 }
        },
        "line": 58
      },
      "8": {
        "name": "dispatch",
        "decl": {
          "start": { "line": 63, "column": 13 },
          "end": { "line": 63, "column": 21 }
        },
        "loc": {
          "start": { "line": 63, "column": 26 },
          "end": { "line": 77, "column": 5 }
        },
        "line": 63
      },
      "9": {
        "name": "(anonymous_9)",
        "decl": {
          "start": { "line": 86, "column": 19 },
          "end": { "line": 86, "column": 20 }
        },
        "loc": {
          "start": { "line": 86, "column": 52 },
          "end": { "line": 100, "column": 1 }
        },
        "line": 86
      },
      "10": {
        "name": "(anonymous_10)",
        "decl": {
          "start": { "line": 92, "column": 14 },
          "end": { "line": 92, "column": 15 }
        },
        "loc": {
          "start": { "line": 92, "column": 22 },
          "end": { "line": 96, "column": 3 }
        },
        "line": 92
      }
    },
    "branchMap": {
      "0": {
        "loc": {
          "start": { "line": 49, "column": 2 },
          "end": { "line": 51, "column": 3 }
        },
        "type": "if",
        "locations": [
          {
            "start": { "line": 49, "column": 2 },
            "end": { "line": 51, "column": 3 }
          },
          {
            "start": { "line": 49, "column": 2 },
            "end": { "line": 51, "column": 3 }
          }
        ],
        "line": 49
      },
      "1": {
        "loc": {
          "start": { "line": 53, "column": 4 },
          "end": { "line": 55, "column": 5 }
        },
        "type": "if",
        "locations": [
          {
            "start": { "line": 53, "column": 4 },
            "end": { "line": 55, "column": 5 }
          },
          {
            "start": { "line": 53, "column": 4 },
            "end": { "line": 55, "column": 5 }
          }
        ],
        "line": 53
      },
      "2": {
        "loc": {
          "start": { "line": 66, "column": 6 },
          "end": { "line": 68, "column": 7 }
        },
        "type": "if",
        "locations": [
          {
            "start": { "line": 66, "column": 6 },
            "end": { "line": 68, "column": 7 }
          },
          {
            "start": { "line": 66, "column": 6 },
            "end": { "line": 68, "column": 7 }
          }
        ],
        "line": 66
      },
      "3": {
        "loc": {
          "start": { "line": 69, "column": 6 },
          "end": { "line": 69, "column": 21 }
        },
        "type": "if",
        "locations": [
          {
            "start": { "line": 69, "column": 6 },
            "end": { "line": 69, "column": 21 }
          },
          {
            "start": { "line": 69, "column": 6 },
            "end": { "line": 69, "column": 21 }
          }
        ],
        "line": 69
      },
      "4": {
        "loc": {
          "start": { "line": 86, "column": 27 },
          "end": { "line": 86, "column": 39 }
        },
        "type": "default-arg",
        "locations": [
          {
            "start": { "line": 86, "column": 37 },
            "end": { "line": 86, "column": 39 }
          }
        ],
        "line": 86
      },
      "5": {
        "loc": {
          "start": { "line": 88, "column": 2 },
          "end": { "line": 88, "column": 30 }
        },
        "type": "if",
        "locations": [
          {
            "start": { "line": 88, "column": 2 },
            "end": { "line": 88, "column": 30 }
          },
          {
            "start": { "line": 88, "column": 2 },
            "end": { "line": 88, "column": 30 }
          }
        ],
        "line": 88
      },
      "6": {
        "loc": {
          "start": { "line": 93, "column": 4 },
          "end": { "line": 95, "column": 5 }
        },
        "type": "if",
        "locations": [
          {
            "start": { "line": 93, "column": 4 },
            "end": { "line": 95, "column": 5 }
          },
          {
            "start": { "line": 93, "column": 4 },
            "end": { "line": 95, "column": 5 }
          }
        ],
        "line": 93
      },
      "7": {
        "loc": {
          "start": { "line": 99, "column": 2 },
          "end": { "line": 99, "column": 53 }
        },
        "type": "if",
        "locations": [
          {
            "start": { "line": 99, "column": 2 },
            "end": { "line": 99, "column": 53 }
          },
          {
            "start": { "line": 99, "column": 2 },
            "end": { "line": 99, "column": 53 }
          }
        ],
        "line": 99
      }
    },
    "s": {
      "0": 2,
      "1": 2,
      "2": 2,
      "3": 2,
      "4": 2,
      "5": 2,
      "6": 2,
      "7": 2,
      "8": 0,
      "9": 0,
      "10": 0,
      "11": 0,
      "12": 0,
      "13": 0,
      "14": 0,
      "15": 0,
      "16": 0,
      "17": 0,
      "18": 0,
      "19": 0,
      "20": 0,
      "21": 0,
      "22": 0,
      "23": 0,
      "24": 0,
      "25": 0,
      "26": 0,
      "27": 0,
      "28": 0,
      "29": 0,
      "30": 0,
      "31": 0,
      "32": 0,
      "33": 0,
      "34": 0,
      "35": 0,
      "36": 0,
      "37": 0,
      "38": 2,
      "39": 7,
      "40": 7,
      "41": 0,
      "42": 7,
      "43": 7,
      "44": 0,
      "45": 0,
      "46": 7,
      "47": 0,
      "48": 2
    },
    "f": {
      "0": 0,
      "1": 0,
      "2": 0,
      "3": 0,
      "4": 0,
      "5": 0,
      "6": 0,
      "7": 0,
      "8": 0,
      "9": 7,
      "10": 0
    },
    "b": {
      "0": [0, 0],
      "1": [0, 0],
      "2": [0, 0],
      "3": [0, 0],
      "4": [7],
      "5": [0, 7],
      "6": [0, 0],
      "7": [0, 7]
    },
    "_coverageSchema": "1a1c01bbd47fc00a2c39e90264f33305004495a9",
    "hash": "c2d020f10260ce716feda62984cddd5955c4828d"
  },
  "/Users/fanping/myself/node/convertPath/lib/index.js": {
    "path": "/Users/fanping/myself/node/convertPath/lib/index.js",
    "statementMap": {
      "0": {
        "start": { "line": 1, "column": 14 },
        "end": { "line": 1, "column": 32 }
      },
      "1": {
        "start": { "line": 3, "column": 0 },
        "end": { "line": 3, "column": 22 }
      }
    },
    "fnMap": {},
    "branchMap": {},
    "s": { "0": 2, "1": 2 },
    "f": {},
    "b": {},
    "_coverageSchema": "1a1c01bbd47fc00a2c39e90264f33305004495a9",
    "hash": "b4201789643d7116d9d706706f026fe16ecb07c9"
  },
  "/Users/fanping/myself/node/convertPath/lib/parse.js": {
    "path": "/Users/fanping/myself/node/convertPath/lib/parse.js",
    "statementMap": {
      "0": {
        "start": { "line": 2, "column": 15 },
        "end": { "line": 2, "column": 32 }
      },
      "1": {
        "start": { "line": 3, "column": 18 },
        "end": { "line": 3, "column": 34 }
      },
      "2": {
        "start": { "line": 4, "column": 22 },
        "end": { "line": 4, "column": 42 }
      },
      "3": {
        "start": { "line": 5, "column": 14 },
        "end": { "line": 5, "column": 30 }
      },
      "4": {
        "start": { "line": 6, "column": 15 },
        "end": { "line": 6, "column": 46 }
      },
      "5": {
        "start": { "line": 7, "column": 30 },
        "end": { "line": 7, "column": 51 }
      },
      "6": {
        "start": { "line": 10, "column": 23 },
        "end": { "line": 10, "column": 49 }
      },
      "7": {
        "start": { "line": 12, "column": 18 },
        "end": { "line": 17, "column": 1 }
      },
      "8": {
        "start": { "line": 13, "column": 2 },
        "end": { "line": 16, "column": 4 }
      },
      "9": {
        "start": { "line": 23, "column": 22 },
        "end": { "line": 31, "column": 1 }
      },
      "10": {
        "start": { "line": 24, "column": 2 },
        "end": { "line": 30, "column": 3 }
      },
      "11": {
        "start": { "line": 25, "column": 4 },
        "end": { "line": 28, "column": 5 }
      },
      "12": {
        "start": { "line": 29, "column": 4 },
        "end": { "line": 29, "column": 50 }
      },
      "13": {
        "start": { "line": 39, "column": 4 },
        "end": { "line": 50, "column": 5 }
      },
      "14": {
        "start": { "line": 40, "column": 6 },
        "end": { "line": 43, "column": 7 }
      },
      "15": {
        "start": { "line": 44, "column": 6 },
        "end": { "line": 44, "column": 29 }
      },
      "16": {
        "start": { "line": 45, "column": 6 },
        "end": { "line": 47, "column": 7 }
      },
      "17": {
        "start": { "line": 46, "column": 8 },
        "end": { "line": 46, "column": 27 }
      },
      "18": {
        "start": { "line": 49, "column": 6 },
        "end": { "line": 49, "column": 30 }
      },
      "19": {
        "start": { "line": 53, "column": 4 },
        "end": { "line": 53, "column": 33 }
      },
      "20": {
        "start": { "line": 54, "column": 4 },
        "end": { "line": 54, "column": 15 }
      },
      "21": {
        "start": { "line": 62, "column": 4 },
        "end": { "line": 73, "column": 5 }
      },
      "22": {
        "start": { "line": 63, "column": 6 },
        "end": { "line": 66, "column": 7 }
      },
      "23": {
        "start": { "line": 67, "column": 6 },
        "end": { "line": 67, "column": 29 }
      },
      "24": {
        "start": { "line": 68, "column": 6 },
        "end": { "line": 70, "column": 7 }
      },
      "25": {
        "start": { "line": 69, "column": 8 },
        "end": { "line": 69, "column": 27 }
      },
      "26": {
        "start": { "line": 72, "column": 6 },
        "end": { "line": 72, "column": 30 }
      },
      "27": {
        "start": { "line": 74, "column": 4 },
        "end": { "line": 74, "column": 33 }
      },
      "28": {
        "start": { "line": 75, "column": 4 },
        "end": { "line": 75, "column": 15 }
      },
      "29": {
        "start": { "line": 83, "column": 4 },
        "end": { "line": 83, "column": 19 }
      },
      "30": {
        "start": { "line": 84, "column": 4 },
        "end": { "line": 84, "column": 27 }
      },
      "31": {
        "start": { "line": 85, "column": 4 },
        "end": { "line": 85, "column": 33 }
      },
      "32": {
        "start": { "line": 86, "column": 4 },
        "end": { "line": 86, "column": 15 }
      },
      "33": {
        "start": { "line": 94, "column": 4 },
        "end": { "line": 94, "column": 58 }
      },
      "34": {
        "start": { "line": 103, "column": 17 },
        "end": { "line": 103, "column": 25 }
      },
      "35": {
        "start": { "line": 104, "column": 18 },
        "end": { "line": 104, "column": 20 }
      },
      "36": {
        "start": { "line": 105, "column": 4 },
        "end": { "line": 114, "column": 6 }
      },
      "37": {
        "start": { "line": 106, "column": 22 },
        "end": { "line": 106, "column": 24 }
      },
      "38": {
        "start": { "line": 107, "column": 6 },
        "end": { "line": 107, "column": 25 }
      },
      "39": {
        "start": { "line": 108, "column": 6 },
        "end": { "line": 113, "column": 7 }
      },
      "40": {
        "start": { "line": 109, "column": 8 },
        "end": { "line": 111, "column": 10 }
      },
      "41": {
        "start": { "line": 110, "column": 10 },
        "end": { "line": 110, "column": 75 }
      },
      "42": {
        "start": { "line": 110, "column": 26 },
        "end": { "line": 110, "column": 75 }
      },
      "43": {
        "start": { "line": 112, "column": 8 },
        "end": { "line": 112, "column": 27 }
      },
      "44": {
        "start": { "line": 116, "column": 4 },
        "end": { "line": 116, "column": 16 }
      },
      "45": {
        "start": { "line": 120, "column": 0 },
        "end": { "line": 120, "column": 32 }
      }
    },
    "fnMap": {
      "0": {
        "name": "(anonymous_0)",
        "decl": {
          "start": { "line": 12, "column": 18 },
          "end": { "line": 12, "column": 19 }
        },
        "loc": {
          "start": { "line": 12, "column": 29 },
          "end": { "line": 17, "column": 1 }
        },
        "line": 12
      },
      "1": {
        "name": "(anonymous_1)",
        "decl": {
          "start": { "line": 23, "column": 22 },
          "end": { "line": 23, "column": 23 }
        },
        "loc": {
          "start": { "line": 23, "column": 29 },
          "end": { "line": 31, "column": 1 }
        },
        "line": 23
      },
      "2": {
        "name": "(anonymous_2)",
        "decl": {
          "start": { "line": 38, "column": 2 },
          "end": { "line": 38, "column": 3 }
        },
        "loc": {
          "start": { "line": 38, "column": 33 },
          "end": { "line": 55, "column": 3 }
        },
        "line": 38
      },
      "3": {
        "name": "(anonymous_3)",
        "decl": {
          "start": { "line": 61, "column": 2 },
          "end": { "line": 61, "column": 3 }
        },
        "loc": {
          "start": { "line": 61, "column": 35 },
          "end": { "line": 76, "column": 3 }
        },
        "line": 61
      },
      "4": {
        "name": "(anonymous_4)",
        "decl": {
          "start": { "line": 82, "column": 2 },
          "end": { "line": 82, "column": 3 }
        },
        "loc": {
          "start": { "line": 82, "column": 33 },
          "end": { "line": 87, "column": 3 }
        },
        "line": 82
      },
      "5": {
        "name": "(anonymous_5)",
        "decl": {
          "start": { "line": 93, "column": 2 },
          "end": { "line": 93, "column": 3 }
        },
        "loc": {
          "start": { "line": 93, "column": 17 },
          "end": { "line": 95, "column": 3 }
        },
        "line": 93
      },
      "6": {
        "name": "(anonymous_6)",
        "decl": {
          "start": { "line": 102, "column": 2 },
          "end": { "line": 102, "column": 3 }
        },
        "loc": {
          "start": { "line": 102, "column": 23 },
          "end": { "line": 117, "column": 3 }
        },
        "line": 102
      },
      "7": {
        "name": "(anonymous_7)",
        "decl": {
          "start": { "line": 105, "column": 56 },
          "end": { "line": 105, "column": 57 }
        },
        "loc": {
          "start": { "line": 105, "column": 73 },
          "end": { "line": 114, "column": 5 }
        },
        "line": 105
      },
      "8": {
        "name": "(anonymous_8)",
        "decl": {
          "start": { "line": 109, "column": 44 },
          "end": { "line": 109, "column": 45 }
        },
        "loc": {
          "start": { "line": 109, "column": 52 },
          "end": { "line": 111, "column": 9 }
        },
        "line": 109
      }
    },
    "branchMap": {
      "0": {
        "loc": {
          "start": { "line": 24, "column": 2 },
          "end": { "line": 30, "column": 3 }
        },
        "type": "if",
        "locations": [
          {
            "start": { "line": 24, "column": 2 },
            "end": { "line": 30, "column": 3 }
          },
          {
            "start": { "line": 24, "column": 2 },
            "end": { "line": 30, "column": 3 }
          }
        ],
        "line": 24
      },
      "1": {
        "loc": {
          "start": { "line": 38, "column": 19 },
          "end": { "line": 38, "column": 31 }
        },
        "type": "default-arg",
        "locations": [
          {
            "start": { "line": 38, "column": 29 },
            "end": { "line": 38, "column": 31 }
          }
        ],
        "line": 38
      },
      "2": {
        "loc": {
          "start": { "line": 45, "column": 6 },
          "end": { "line": 47, "column": 7 }
        },
        "type": "if",
        "locations": [
          {
            "start": { "line": 45, "column": 6 },
            "end": { "line": 47, "column": 7 }
          },
          {
            "start": { "line": 45, "column": 6 },
            "end": { "line": 47, "column": 7 }
          }
        ],
        "line": 45
      },
      "3": {
        "loc": {
          "start": { "line": 61, "column": 21 },
          "end": { "line": 61, "column": 33 }
        },
        "type": "default-arg",
        "locations": [
          {
            "start": { "line": 61, "column": 31 },
            "end": { "line": 61, "column": 33 }
          }
        ],
        "line": 61
      },
      "4": {
        "loc": {
          "start": { "line": 68, "column": 6 },
          "end": { "line": 70, "column": 7 }
        },
        "type": "if",
        "locations": [
          {
            "start": { "line": 68, "column": 6 },
            "end": { "line": 70, "column": 7 }
          },
          {
            "start": { "line": 68, "column": 6 },
            "end": { "line": 70, "column": 7 }
          }
        ],
        "line": 68
      },
      "5": {
        "loc": {
          "start": { "line": 82, "column": 19 },
          "end": { "line": 82, "column": 31 }
        },
        "type": "default-arg",
        "locations": [
          {
            "start": { "line": 82, "column": 29 },
            "end": { "line": 82, "column": 31 }
          }
        ],
        "line": 82
      },
      "6": {
        "loc": {
          "start": { "line": 108, "column": 6 },
          "end": { "line": 113, "column": 7 }
        },
        "type": "if",
        "locations": [
          {
            "start": { "line": 108, "column": 6 },
            "end": { "line": 113, "column": 7 }
          },
          {
            "start": { "line": 108, "column": 6 },
            "end": { "line": 113, "column": 7 }
          }
        ],
        "line": 108
      },
      "7": {
        "loc": {
          "start": { "line": 110, "column": 10 },
          "end": { "line": 110, "column": 75 }
        },
        "type": "if",
        "locations": [
          {
            "start": { "line": 110, "column": 10 },
            "end": { "line": 110, "column": 75 }
          },
          {
            "start": { "line": 110, "column": 10 },
            "end": { "line": 110, "column": 75 }
          }
        ],
        "line": 110
      }
    },
    "s": {
      "0": 2,
      "1": 2,
      "2": 2,
      "3": 2,
      "4": 2,
      "5": 2,
      "6": 2,
      "7": 2,
      "8": 7,
      "9": 2,
      "10": 7,
      "11": 0,
      "12": 0,
      "13": 0,
      "14": 0,
      "15": 0,
      "16": 0,
      "17": 0,
      "18": 0,
      "19": 0,
      "20": 0,
      "21": 7,
      "22": 7,
      "23": 7,
      "24": 7,
      "25": 0,
      "26": 0,
      "27": 7,
      "28": 7,
      "29": 0,
      "30": 0,
      "31": 0,
      "32": 0,
      "33": 8,
      "34": 0,
      "35": 0,
      "36": 0,
      "37": 0,
      "38": 0,
      "39": 0,
      "40": 0,
      "41": 0,
      "42": 0,
      "43": 0,
      "44": 0,
      "45": 2
    },
    "f": {
      "0": 7,
      "1": 7,
      "2": 0,
      "3": 7,
      "4": 0,
      "5": 8,
      "6": 0,
      "7": 0,
      "8": 0
    },
    "b": {
      "0": [0, 7],
      "1": [0],
      "2": [0, 0],
      "3": [0],
      "4": [0, 7],
      "5": [0],
      "6": [0, 0],
      "7": [0, 0]
    },
    "_coverageSchema": "1a1c01bbd47fc00a2c39e90264f33305004495a9",
    "hash": "543d22df07ce4c0d1f6f94b99bb0ed4037006178"
  },
  "/Users/fanping/myself/node/convertPath/lib/utils.js": {
    "path": "/Users/fanping/myself/node/convertPath/lib/utils.js",
    "statementMap": {
      "0": {
        "start": { "line": 2, "column": 11 },
        "end": { "line": 2, "column": 24 }
      },
      "1": {
        "start": { "line": 3, "column": 14 },
        "end": { "line": 3, "column": 35 }
      },
      "2": {
        "start": { "line": 12, "column": 2 },
        "end": { "line": 12, "column": 41 }
      },
      "3": {
        "start": { "line": 13, "column": 2 },
        "end": { "line": 16, "column": 4 }
      },
      "4": {
        "start": { "line": 14, "column": 4 },
        "end": { "line": 14, "column": 22 }
      },
      "5": {
        "start": { "line": 14, "column": 13 },
        "end": { "line": 14, "column": 22 }
      },
      "6": {
        "start": { "line": 15, "column": 4 },
        "end": { "line": 15, "column": 28 }
      },
      "7": {
        "start": { "line": 24, "column": 15 },
        "end": { "line": 24, "column": 45 }
      },
      "8": {
        "start": { "line": 25, "column": 2 },
        "end": { "line": 25, "column": 26 }
      },
      "9": {
        "start": { "line": 26, "column": 2 },
        "end": { "line": 26, "column": 13 }
      },
      "10": {
        "start": { "line": 29, "column": 0 },
        "end": { "line": 33, "column": 1 }
      }
    },
    "fnMap": {
      "0": {
        "name": "writeToFile",
        "decl": {
          "start": { "line": 11, "column": 9 },
          "end": { "line": 11, "column": 20 }
        },
        "loc": {
          "start": { "line": 11, "column": 45 },
          "end": { "line": 17, "column": 1 }
        },
        "line": 11
      },
      "1": {
        "name": "(anonymous_1)",
        "decl": {
          "start": { "line": 13, "column": 36 },
          "end": { "line": 13, "column": 37 }
        },
        "loc": {
          "start": { "line": 13, "column": 51 },
          "end": { "line": 16, "column": 3 }
        },
        "line": 13
      },
      "2": {
        "name": "readToFile",
        "decl": {
          "start": { "line": 23, "column": 9 },
          "end": { "line": 23, "column": 19 }
        },
        "loc": {
          "start": { "line": 23, "column": 38 },
          "end": { "line": 27, "column": 1 }
        },
        "line": 23
      }
    },
    "branchMap": {
      "0": {
        "loc": {
          "start": { "line": 14, "column": 4 },
          "end": { "line": 14, "column": 22 }
        },
        "type": "if",
        "locations": [
          {
            "start": { "line": 14, "column": 4 },
            "end": { "line": 14, "column": 22 }
          },
          {
            "start": { "line": 14, "column": 4 },
            "end": { "line": 14, "column": 22 }
          }
        ],
        "line": 14
      },
      "1": {
        "loc": {
          "start": { "line": 15, "column": 4 },
          "end": { "line": 15, "column": 28 }
        },
        "type": "binary-expr",
        "locations": [
          {
            "start": { "line": 15, "column": 4 },
            "end": { "line": 15, "column": 13 }
          },
          {
            "start": { "line": 15, "column": 17 },
            "end": { "line": 15, "column": 28 }
          }
        ],
        "line": 15
      },
      "2": {
        "loc": {
          "start": { "line": 25, "column": 2 },
          "end": { "line": 25, "column": 26 }
        },
        "type": "binary-expr",
        "locations": [
          {
            "start": { "line": 25, "column": 2 },
            "end": { "line": 25, "column": 11 }
          },
          {
            "start": { "line": 25, "column": 15 },
            "end": { "line": 25, "column": 26 }
          }
        ],
        "line": 25
      }
    },
    "s": {
      "0": 2,
      "1": 2,
      "2": 0,
      "3": 0,
      "4": 0,
      "5": 0,
      "6": 0,
      "7": 0,
      "8": 0,
      "9": 0,
      "10": 2
    },
    "f": { "0": 0, "1": 0, "2": 0 },
    "b": { "0": [0, 0], "1": [0, 0], "2": [0, 0] },
    "_coverageSchema": "1a1c01bbd47fc00a2c39e90264f33305004495a9",
    "hash": "67bce55140dcd0ae3e6a9d098e14ed7f9bd20985"
  },
  "/Users/fanping/myself/node/convertPath/lib/filter/convertShapeToPath.js": {
    "path": "/Users/fanping/myself/node/convertPath/lib/filter/convertShapeToPath.js",
    "statementMap": {
      "0": {
        "start": { "line": 3, "column": 18 },
        "end": { "line": 3, "column": 40 }
      },
      "1": {
        "start": { "line": 5, "column": 18 },
        "end": { "line": 5, "column": 62 }
      },
      "2": {
        "start": { "line": 13, "column": 22 },
        "end": { "line": 13, "column": 47 }
      },
      "3": {
        "start": { "line": 14, "column": 16 },
        "end": { "line": 14, "column": 37 }
      },
      "4": {
        "start": { "line": 15, "column": 2 },
        "end": { "line": 17, "column": 4 }
      },
      "5": {
        "start": { "line": 16, "column": 4 },
        "end": { "line": 16, "column": 61 }
      },
      "6": {
        "start": { "line": 19, "column": 2 },
        "end": { "line": 19, "column": 20 }
      },
      "7": {
        "start": { "line": 23, "column": 2 },
        "end": { "line": 23, "column": 27 }
      },
      "8": {
        "start": { "line": 23, "column": 21 },
        "end": { "line": 23, "column": 27 }
      },
      "9": {
        "start": { "line": 24, "column": 18 },
        "end": { "line": 24, "column": 52 }
      },
      "10": {
        "start": { "line": 26, "column": 2 },
        "end": { "line": 225, "column": 3 }
      },
      "11": {
        "start": { "line": 28, "column": 16 },
        "end": { "line": 28, "column": 46 }
      },
      "12": {
        "start": { "line": 29, "column": 16 },
        "end": { "line": 29, "column": 46 }
      },
      "13": {
        "start": { "line": 30, "column": 20 },
        "end": { "line": 30, "column": 54 }
      },
      "14": {
        "start": { "line": 31, "column": 19 },
        "end": { "line": 31, "column": 54 }
      },
      "15": {
        "start": { "line": 39, "column": 8 },
        "end": { "line": 39, "column": 79 }
      },
      "16": {
        "start": { "line": 41, "column": 8 },
        "end": { "line": 41, "column": 79 }
      },
      "17": {
        "start": { "line": 46, "column": 6 },
        "end": { "line": 46, "column": 42 }
      },
      "18": {
        "start": { "line": 47, "column": 6 },
        "end": { "line": 47, "column": 44 }
      },
      "19": {
        "start": { "line": 50, "column": 6 },
        "end": { "line": 104, "column": 7 }
      },
      "20": {
        "start": { "line": 58, "column": 10 },
        "end": { "line": 58, "column": 77 }
      },
      "21": {
        "start": { "line": 61, "column": 10 },
        "end": { "line": 103, "column": 13 }
      },
      "22": {
        "start": { "line": 106, "column": 24 },
        "end": { "line": 106, "column": 51 }
      },
      "23": {
        "start": { "line": 107, "column": 6 },
        "end": { "line": 108, "column": 7 }
      },
      "24": {
        "start": { "line": 108, "column": 7 },
        "end": { "line": 110, "column": 8 }
      },
      "25": {
        "start": { "line": 109, "column": 8 },
        "end": { "line": 109, "column": 46 }
      },
      "26": {
        "start": { "line": 111, "column": 6 },
        "end": { "line": 111, "column": 53 }
      },
      "27": {
        "start": { "line": 113, "column": 6 },
        "end": { "line": 113, "column": 11 }
      },
      "28": {
        "start": { "line": 116, "column": 15 },
        "end": { "line": 116, "column": 38 }
      },
      "29": {
        "start": { "line": 117, "column": 15 },
        "end": { "line": 117, "column": 38 }
      },
      "30": {
        "start": { "line": 118, "column": 14 },
        "end": { "line": 118, "column": 36 }
      },
      "31": {
        "start": { "line": 120, "column": 8 },
        "end": { "line": 138, "column": 11 }
      },
      "32": {
        "start": { "line": 140, "column": 24 },
        "end": { "line": 140, "column": 51 }
      },
      "33": {
        "start": { "line": 141, "column": 6 },
        "end": { "line": 142, "column": 7 }
      },
      "34": {
        "start": { "line": 142, "column": 7 },
        "end": { "line": 144, "column": 8 }
      },
      "35": {
        "start": { "line": 143, "column": 8 },
        "end": { "line": 143, "column": 46 }
      },
      "36": {
        "start": { "line": 145, "column": 6 },
        "end": { "line": 145, "column": 53 }
      },
      "37": {
        "start": { "line": 147, "column": 6 },
        "end": { "line": 147, "column": 11 }
      },
      "38": {
        "start": { "line": 150, "column": 15 },
        "end": { "line": 150, "column": 38 }
      },
      "39": {
        "start": { "line": 151, "column": 15 },
        "end": { "line": 151, "column": 38 }
      },
      "40": {
        "start": { "line": 152, "column": 15 },
        "end": { "line": 152, "column": 38 }
      },
      "41": {
        "start": { "line": 153, "column": 15 },
        "end": { "line": 153, "column": 38 }
      },
      "42": {
        "start": { "line": 154, "column": 6 },
        "end": { "line": 154, "column": 42 }
      },
      "43": {
        "start": { "line": 154, "column": 36 },
        "end": { "line": 154, "column": 42 }
      },
      "44": {
        "start": { "line": 156, "column": 8 },
        "end": { "line": 174, "column": 11 }
      },
      "45": {
        "start": { "line": 176, "column": 24 },
        "end": { "line": 176, "column": 51 }
      },
      "46": {
        "start": { "line": 177, "column": 6 },
        "end": { "line": 178, "column": 7 }
      },
      "47": {
        "start": { "line": 178, "column": 7 },
        "end": { "line": 180, "column": 8 }
      },
      "48": {
        "start": { "line": 179, "column": 8 },
        "end": { "line": 179, "column": 46 }
      },
      "49": {
        "start": { "line": 181, "column": 6 },
        "end": { "line": 181, "column": 53 }
      },
      "50": {
        "start": { "line": 183, "column": 6 },
        "end": { "line": 183, "column": 11 }
      },
      "51": {
        "start": { "line": 186, "column": 15 },
        "end": { "line": 186, "column": 38 }
      },
      "52": {
        "start": { "line": 187, "column": 15 },
        "end": { "line": 187, "column": 38 }
      },
      "53": {
        "start": { "line": 188, "column": 15 },
        "end": { "line": 188, "column": 38 }
      },
      "54": {
        "start": { "line": 189, "column": 15 },
        "end": { "line": 189, "column": 38 }
      },
      "55": {
        "start": { "line": 190, "column": 6 },
        "end": { "line": 192, "column": 7 }
      },
      "56": {
        "start": { "line": 191, "column": 8 },
        "end": { "line": 191, "column": 14 }
      },
      "57": {
        "start": { "line": 194, "column": 17 },
        "end": { "line": 194, "column": 58 }
      },
      "58": {
        "start": { "line": 195, "column": 24 },
        "end": { "line": 195, "column": 51 }
      },
      "59": {
        "start": { "line": 196, "column": 6 },
        "end": { "line": 197, "column": 7 }
      },
      "60": {
        "start": { "line": 197, "column": 7 },
        "end": { "line": 199, "column": 8 }
      },
      "61": {
        "start": { "line": 198, "column": 8 },
        "end": { "line": 198, "column": 46 }
      },
      "62": {
        "start": { "line": 200, "column": 6 },
        "end": { "line": 200, "column": 53 }
      },
      "63": {
        "start": { "line": 202, "column": 6 },
        "end": { "line": 202, "column": 11 }
      },
      "64": {
        "start": { "line": 206, "column": 19 },
        "end": { "line": 208, "column": 7 }
      },
      "65": {
        "start": { "line": 209, "column": 6 },
        "end": { "line": 211, "column": 7 }
      },
      "66": {
        "start": { "line": 210, "column": 8 },
        "end": { "line": 210, "column": 14 }
      },
      "67": {
        "start": { "line": 213, "column": 8 },
        "end": { "line": 217, "column": 42 }
      },
      "68": {
        "start": { "line": 219, "column": 24 },
        "end": { "line": 219, "column": 51 }
      },
      "69": {
        "start": { "line": 220, "column": 6 },
        "end": { "line": 220, "column": 41 }
      },
      "70": {
        "start": { "line": 221, "column": 6 },
        "end": { "line": 221, "column": 43 }
      },
      "71": {
        "start": { "line": 222, "column": 6 },
        "end": { "line": 222, "column": 53 }
      },
      "72": {
        "start": { "line": 224, "column": 6 },
        "end": { "line": 224, "column": 11 }
      },
      "73": {
        "start": { "line": 234, "column": 2 },
        "end": { "line": 240, "column": 3 }
      },
      "74": {
        "start": { "line": 235, "column": 4 },
        "end": { "line": 235, "column": 30 }
      },
      "75": {
        "start": { "line": 236, "column": 9 },
        "end": { "line": 240, "column": 3 }
      },
      "76": {
        "start": { "line": 237, "column": 4 },
        "end": { "line": 239, "column": 6 }
      },
      "77": {
        "start": { "line": 238, "column": 6 },
        "end": { "line": 238, "column": 26 }
      },
      "78": {
        "start": { "line": 248, "column": 0 },
        "end": { "line": 252, "column": 1 }
      },
      "79": {
        "start": { "line": 249, "column": 2 },
        "end": { "line": 251, "column": 4 }
      },
      "80": {
        "start": { "line": 250, "column": 4 },
        "end": { "line": 250, "column": 24 }
      }
    },
    "fnMap": {
      "0": {
        "name": "generatePathNode",
        "decl": {
          "start": { "line": 12, "column": 9 },
          "end": { "line": 12, "column": 25 }
        },
        "loc": {
          "start": { "line": 12, "column": 38 },
          "end": { "line": 20, "column": 1 }
        },
        "line": 12
      },
      "1": {
        "name": "(anonymous_1)",
        "decl": {
          "start": { "line": 15, "column": 38 },
          "end": { "line": 15, "column": 39 }
        },
        "loc": {
          "start": { "line": 15, "column": 59 },
          "end": { "line": 17, "column": 3 }
        },
        "line": 15
      },
      "2": {
        "name": "convertPathData",
        "decl": {
          "start": { "line": 22, "column": 9 },
          "end": { "line": 22, "column": 24 }
        },
        "loc": {
          "start": { "line": 22, "column": 37 },
          "end": { "line": 226, "column": 1 }
        },
        "line": 22
      },
      "3": {
        "name": "(anonymous_3)",
        "decl": {
          "start": { "line": 108, "column": 57 },
          "end": { "line": 108, "column": 58 }
        },
        "loc": {
          "start": { "line": 108, "column": 78 },
          "end": { "line": 110, "column": 7 }
        },
        "line": 108
      },
      "4": {
        "name": "(anonymous_4)",
        "decl": {
          "start": { "line": 142, "column": 33 },
          "end": { "line": 142, "column": 34 }
        },
        "loc": {
          "start": { "line": 142, "column": 54 },
          "end": { "line": 144, "column": 7 }
        },
        "line": 142
      },
      "5": {
        "name": "(anonymous_5)",
        "decl": {
          "start": { "line": 178, "column": 40 },
          "end": { "line": 178, "column": 41 }
        },
        "loc": {
          "start": { "line": 178, "column": 61 },
          "end": { "line": 180, "column": 7 }
        },
        "line": 178
      },
      "6": {
        "name": "(anonymous_6)",
        "decl": {
          "start": { "line": 197, "column": 40 },
          "end": { "line": 197, "column": 41 }
        },
        "loc": {
          "start": { "line": 197, "column": 61 },
          "end": { "line": 199, "column": 7 }
        },
        "line": 197
      },
      "7": {
        "name": "transNode",
        "decl": {
          "start": { "line": 232, "column": 9 },
          "end": { "line": 232, "column": 18 }
        },
        "loc": {
          "start": { "line": 232, "column": 31 },
          "end": { "line": 241, "column": 1 }
        },
        "line": 232
      },
      "8": {
        "name": "(anonymous_8)",
        "decl": {
          "start": { "line": 237, "column": 40 },
          "end": { "line": 237, "column": 41 }
        },
        "loc": {
          "start": { "line": 237, "column": 56 },
          "end": { "line": 239, "column": 5 }
        },
        "line": 237
      },
      "9": {
        "name": "convertShapeToPath",
        "decl": {
          "start": { "line": 248, "column": 22 },
          "end": { "line": 248, "column": 40 }
        },
        "loc": {
          "start": { "line": 248, "column": 47 },
          "end": { "line": 252, "column": 1 }
        },
        "line": 248
      },
      "10": {
        "name": "(anonymous_10)",
        "decl": {
          "start": { "line": 249, "column": 53 },
          "end": { "line": 249, "column": 54 }
        },
        "loc": {
          "start": { "line": 249, "column": 61 },
          "end": { "line": 251, "column": 3 }
        },
        "line": 249
      }
    },
    "branchMap": {
      "0": {
        "loc": {
          "start": { "line": 23, "column": 2 },
          "end": { "line": 23, "column": 27 }
        },
        "type": "if",
        "locations": [
          {
            "start": { "line": 23, "column": 2 },
            "end": { "line": 23, "column": 27 }
          },
          {
            "start": { "line": 23, "column": 2 },
            "end": { "line": 23, "column": 27 }
          }
        ],
        "line": 23
      },
      "1": {
        "loc": {
          "start": { "line": 26, "column": 2 },
          "end": { "line": 225, "column": 3 }
        },
        "type": "switch",
        "locations": [
          {
            "start": { "line": 27, "column": 4 },
            "end": { "line": 113, "column": 11 }
          },
          {
            "start": { "line": 115, "column": 4 },
            "end": { "line": 147, "column": 11 }
          },
          {
            "start": { "line": 149, "column": 4 },
            "end": { "line": 183, "column": 11 }
          },
          {
            "start": { "line": 185, "column": 4 },
            "end": { "line": 202, "column": 11 }
          },
          {
            "start": { "line": 204, "column": 4 },
            "end": { "line": 204, "column": 19 }
          },
          {
            "start": { "line": 205, "column": 4 },
            "end": { "line": 224, "column": 11 }
          }
        ],
        "line": 26
      },
      "2": {
        "loc": {
          "start": { "line": 39, "column": 8 },
          "end": { "line": 39, "column": 79 }
        },
        "type": "binary-expr",
        "locations": [
          {
            "start": { "line": 39, "column": 8 },
            "end": { "line": 39, "column": 39 }
          },
          {
            "start": { "line": 39, "column": 43 },
            "end": { "line": 39, "column": 74 }
          },
          {
            "start": { "line": 39, "column": 78 },
            "end": { "line": 39, "column": 79 }
          }
        ],
        "line": 39
      },
      "3": {
        "loc": {
          "start": { "line": 41, "column": 8 },
          "end": { "line": 41, "column": 79 }
        },
        "type": "binary-expr",
        "locations": [
          {
            "start": { "line": 41, "column": 8 },
            "end": { "line": 41, "column": 39 }
          },
          {
            "start": { "line": 41, "column": 43 },
            "end": { "line": 41, "column": 74 }
          },
          {
            "start": { "line": 41, "column": 78 },
            "end": { "line": 41, "column": 79 }
          }
        ],
        "line": 41
      },
      "4": {
        "loc": {
          "start": { "line": 46, "column": 11 },
          "end": { "line": 46, "column": 42 }
        },
        "type": "cond-expr",
        "locations": [
          {
            "start": { "line": 46, "column": 28 },
            "end": { "line": 46, "column": 37 }
          },
          {
            "start": { "line": 46, "column": 40 },
            "end": { "line": 46, "column": 42 }
          }
        ],
        "line": 46
      },
      "5": {
        "loc": {
          "start": { "line": 47, "column": 11 },
          "end": { "line": 47, "column": 44 }
        },
        "type": "cond-expr",
        "locations": [
          {
            "start": { "line": 47, "column": 29 },
            "end": { "line": 47, "column": 39 }
          },
          {
            "start": { "line": 47, "column": 42 },
            "end": { "line": 47, "column": 44 }
          }
        ],
        "line": 47
      },
      "6": {
        "loc": {
          "start": { "line": 50, "column": 6 },
          "end": { "line": 104, "column": 7 }
        },
        "type": "if",
        "locations": [
          {
            "start": { "line": 50, "column": 6 },
            "end": { "line": 104, "column": 7 }
          },
          {
            "start": { "line": 50, "column": 6 },
            "end": { "line": 104, "column": 7 }
          }
        ],
        "line": 50
      },
      "7": {
        "loc": {
          "start": { "line": 50, "column": 10 },
          "end": { "line": 50, "column": 28 }
        },
        "type": "binary-expr",
        "locations": [
          {
            "start": { "line": 50, "column": 10 },
            "end": { "line": 50, "column": 17 }
          },
          {
            "start": { "line": 50, "column": 21 },
            "end": { "line": 50, "column": 28 }
          }
        ],
        "line": 50
      },
      "8": {
        "loc": {
          "start": { "line": 154, "column": 6 },
          "end": { "line": 154, "column": 42 }
        },
        "type": "if",
        "locations": [
          {
            "start": { "line": 154, "column": 6 },
            "end": { "line": 154, "column": 42 }
          },
          {
            "start": { "line": 154, "column": 6 },
            "end": { "line": 154, "column": 42 }
          }
        ],
        "line": 154
      },
      "9": {
        "loc": {
          "start": { "line": 190, "column": 6 },
          "end": { "line": 192, "column": 7 }
        },
        "type": "if",
        "locations": [
          {
            "start": { "line": 190, "column": 6 },
            "end": { "line": 192, "column": 7 }
          },
          {
            "start": { "line": 190, "column": 6 },
            "end": { "line": 192, "column": 7 }
          }
        ],
        "line": 190
      },
      "10": {
        "loc": {
          "start": { "line": 206, "column": 20 },
          "end": { "line": 206, "column": 70 }
        },
        "type": "binary-expr",
        "locations": [
          {
            "start": { "line": 206, "column": 20 },
            "end": { "line": 206, "column": 64 }
          },
          {
            "start": { "line": 206, "column": 68 },
            "end": { "line": 206, "column": 70 }
          }
        ],
        "line": 206
      },
      "11": {
        "loc": {
          "start": { "line": 209, "column": 6 },
          "end": { "line": 211, "column": 7 }
        },
        "type": "if",
        "locations": [
          {
            "start": { "line": 209, "column": 6 },
            "end": { "line": 211, "column": 7 }
          },
          {
            "start": { "line": 209, "column": 6 },
            "end": { "line": 211, "column": 7 }
          }
        ],
        "line": 209
      },
      "12": {
        "loc": {
          "start": { "line": 217, "column": 9 },
          "end": { "line": 217, "column": 41 }
        },
        "type": "cond-expr",
        "locations": [
          {
            "start": { "line": 217, "column": 33 },
            "end": { "line": 217, "column": 36 }
          },
          {
            "start": { "line": 217, "column": 39 },
            "end": { "line": 217, "column": 41 }
          }
        ],
        "line": 217
      },
      "13": {
        "loc": {
          "start": { "line": 234, "column": 2 },
          "end": { "line": 240, "column": 3 }
        },
        "type": "if",
        "locations": [
          {
            "start": { "line": 234, "column": 2 },
            "end": { "line": 240, "column": 3 }
          },
          {
            "start": { "line": 234, "column": 2 },
            "end": { "line": 240, "column": 3 }
          }
        ],
        "line": 234
      },
      "14": {
        "loc": {
          "start": { "line": 234, "column": 6 },
          "end": { "line": 234, "column": 69 }
        },
        "type": "binary-expr",
        "locations": [
          {
            "start": { "line": 234, "column": 6 },
            "end": { "line": 234, "column": 27 }
          },
          {
            "start": { "line": 234, "column": 31 },
            "end": { "line": 234, "column": 69 }
          }
        ],
        "line": 234
      },
      "15": {
        "loc": {
          "start": { "line": 236, "column": 9 },
          "end": { "line": 240, "column": 3 }
        },
        "type": "if",
        "locations": [
          {
            "start": { "line": 236, "column": 9 },
            "end": { "line": 240, "column": 3 }
          },
          {
            "start": { "line": 236, "column": 9 },
            "end": { "line": 240, "column": 3 }
          }
        ],
        "line": 236
      }
    },
    "s": {
      "0": 2,
      "1": 2,
      "2": 6,
      "3": 6,
      "4": 6,
      "5": 25,
      "6": 6,
      "7": 6,
      "8": 0,
      "9": 6,
      "10": 6,
      "11": 1,
      "12": 1,
      "13": 1,
      "14": 1,
      "15": 1,
      "16": 1,
      "17": 1,
      "18": 1,
      "19": 1,
      "20": 1,
      "21": 0,
      "22": 1,
      "23": 1,
      "24": 1,
      "25": 6,
      "26": 1,
      "27": 1,
      "28": 1,
      "29": 1,
      "30": 1,
      "31": 1,
      "32": 1,
      "33": 1,
      "34": 1,
      "35": 3,
      "36": 1,
      "37": 1,
      "38": 1,
      "39": 1,
      "40": 1,
      "41": 1,
      "42": 1,
      "43": 0,
      "44": 1,
      "45": 1,
      "46": 1,
      "47": 1,
      "48": 4,
      "49": 1,
      "50": 1,
      "51": 1,
      "52": 1,
      "53": 1,
      "54": 1,
      "55": 1,
      "56": 0,
      "57": 1,
      "58": 1,
      "59": 1,
      "60": 1,
      "61": 4,
      "62": 1,
      "63": 1,
      "64": 2,
      "65": 2,
      "66": 0,
      "67": 2,
      "68": 2,
      "69": 2,
      "70": 2,
      "71": 2,
      "72": 2,
      "73": 6,
      "74": 6,
      "75": 0,
      "76": 0,
      "77": 0,
      "78": 2,
      "79": 6,
      "80": 6
    },
    "f": {
      "0": 6,
      "1": 25,
      "2": 6,
      "3": 6,
      "4": 3,
      "5": 4,
      "6": 4,
      "7": 6,
      "8": 0,
      "9": 6,
      "10": 6
    },
    "b": {
      "0": [0, 6],
      "1": [1, 1, 1, 1, 1, 2],
      "2": [1, 1, 1],
      "3": [1, 1, 1],
      "4": [0, 1],
      "5": [0, 1],
      "6": [1, 0],
      "7": [1, 0],
      "8": [0, 1],
      "9": [0, 1],
      "10": [2, 0],
      "11": [0, 2],
      "12": [1, 1],
      "13": [6, 0],
      "14": [6, 6],
      "15": [0, 0]
    },
    "_coverageSchema": "1a1c01bbd47fc00a2c39e90264f33305004495a9",
    "hash": "f535fdba596e7d96a608c3ac45934c3e0c120d9f"
  },
  "/Users/fanping/myself/node/convertPath/lib/filter/convertTransfromforPath.js": {
    "path": "/Users/fanping/myself/node/convertPath/lib/filter/convertTransfromforPath.js",
    "statementMap": {
      "0": {
        "start": { "line": 2, "column": 18 },
        "end": { "line": 2, "column": 40 }
      },
      "1": {
        "start": { "line": 3, "column": 16 },
        "end": { "line": 3, "column": 34 }
      },
      "2": {
        "start": { "line": 10, "column": 23 },
        "end": { "line": 44, "column": 1 }
      },
      "3": {
        "start": { "line": 11, "column": 28 },
        "end": { "line": 11, "column": 71 }
      },
      "4": {
        "start": { "line": 12, "column": 28 },
        "end": { "line": 12, "column": 100 }
      },
      "5": {
        "start": { "line": 13, "column": 27 },
        "end": { "line": 13, "column": 71 }
      },
      "6": {
        "start": { "line": 15, "column": 21 },
        "end": { "line": 15, "column": 23 }
      },
      "7": {
        "start": { "line": 19, "column": 2 },
        "end": { "line": 40, "column": 4 }
      },
      "8": {
        "start": { "line": 21, "column": 4 },
        "end": { "line": 39, "column": 5 }
      },
      "9": {
        "start": { "line": 23, "column": 6 },
        "end": { "line": 38, "column": 7 }
      },
      "10": {
        "start": { "line": 25, "column": 8 },
        "end": { "line": 25, "column": 32 }
      },
      "11": {
        "start": { "line": 26, "column": 8 },
        "end": { "line": 26, "column": 32 }
      },
      "12": {
        "start": { "line": 30, "column": 8 },
        "end": { "line": 37, "column": 9 }
      },
      "13": {
        "start": { "line": 31, "column": 10 },
        "end": { "line": 31, "column": 27 }
      },
      "14": {
        "start": { "line": 32, "column": 10 },
        "end": { "line": 36, "column": 11 }
      },
      "15": {
        "start": { "line": 33, "column": 12 },
        "end": { "line": 33, "column": 34 }
      },
      "16": {
        "start": { "line": 35, "column": 12 },
        "end": { "line": 35, "column": 32 }
      },
      "17": {
        "start": { "line": 43, "column": 2 },
        "end": { "line": 43, "column": 50 }
      },
      "18": {
        "start": { "line": 50, "column": 32 },
        "end": { "line": 70, "column": 1 }
      },
      "19": {
        "start": { "line": 51, "column": 2 },
        "end": { "line": 69, "column": 4 }
      },
      "20": {
        "start": { "line": 52, "column": 4 },
        "end": { "line": 68, "column": 5 }
      },
      "21": {
        "start": { "line": 53, "column": 16 },
        "end": { "line": 53, "column": 38 }
      },
      "22": {
        "start": { "line": 55, "column": 6 },
        "end": { "line": 58, "column": 7 }
      },
      "23": {
        "start": { "line": 56, "column": 8 },
        "end": { "line": 56, "column": 41 }
      },
      "24": {
        "start": { "line": 57, "column": 8 },
        "end": { "line": 57, "column": 14 }
      },
      "25": {
        "start": { "line": 59, "column": 6 },
        "end": { "line": 67, "column": 7 }
      },
      "26": {
        "start": { "line": 60, "column": 29 },
        "end": { "line": 64, "column": 21 }
      },
      "27": {
        "start": { "line": 65, "column": 8 },
        "end": { "line": 65, "column": 41 }
      },
      "28": {
        "start": { "line": 66, "column": 8 },
        "end": { "line": 66, "column": 44 }
      },
      "29": {
        "start": { "line": 72, "column": 0 },
        "end": { "line": 72, "column": 36 }
      }
    },
    "fnMap": {
      "0": {
        "name": "(anonymous_0)",
        "decl": {
          "start": { "line": 10, "column": 23 },
          "end": { "line": 10, "column": 24 }
        },
        "loc": {
          "start": { "line": 10, "column": 42 },
          "end": { "line": 44, "column": 1 }
        },
        "line": 10
      },
      "1": {
        "name": "(anonymous_1)",
        "decl": {
          "start": { "line": 19, "column": 51 },
          "end": { "line": 19, "column": 52 }
        },
        "loc": {
          "start": { "line": 19, "column": 59 },
          "end": { "line": 40, "column": 3 }
        },
        "line": 19
      },
      "2": {
        "name": "(anonymous_2)",
        "decl": {
          "start": { "line": 50, "column": 32 },
          "end": { "line": 50, "column": 33 }
        },
        "loc": {
          "start": { "line": 50, "column": 39 },
          "end": { "line": 70, "column": 1 }
        },
        "line": 50
      },
      "3": {
        "name": "(anonymous_3)",
        "decl": {
          "start": { "line": 51, "column": 53 },
          "end": { "line": 51, "column": 54 }
        },
        "loc": {
          "start": { "line": 51, "column": 61 },
          "end": { "line": 69, "column": 3 }
        },
        "line": 51
      }
    },
    "branchMap": {
      "0": {
        "loc": {
          "start": { "line": 21, "column": 4 },
          "end": { "line": 39, "column": 5 }
        },
        "type": "if",
        "locations": [
          {
            "start": { "line": 21, "column": 4 },
            "end": { "line": 39, "column": 5 }
          },
          {
            "start": { "line": 21, "column": 4 },
            "end": { "line": 39, "column": 5 }
          }
        ],
        "line": 21
      },
      "1": {
        "loc": {
          "start": { "line": 23, "column": 6 },
          "end": { "line": 38, "column": 7 }
        },
        "type": "if",
        "locations": [
          {
            "start": { "line": 23, "column": 6 },
            "end": { "line": 38, "column": 7 }
          },
          {
            "start": { "line": 23, "column": 6 },
            "end": { "line": 38, "column": 7 }
          }
        ],
        "line": 23
      },
      "2": {
        "loc": {
          "start": { "line": 32, "column": 10 },
          "end": { "line": 36, "column": 11 }
        },
        "type": "if",
        "locations": [
          {
            "start": { "line": 32, "column": 10 },
            "end": { "line": 36, "column": 11 }
          },
          {
            "start": { "line": 32, "column": 10 },
            "end": { "line": 36, "column": 11 }
          }
        ],
        "line": 32
      },
      "3": {
        "loc": {
          "start": { "line": 43, "column": 9 },
          "end": { "line": 43, "column": 50 }
        },
        "type": "cond-expr",
        "locations": [
          {
            "start": { "line": 43, "column": 35 },
            "end": { "line": 43, "column": 45 }
          },
          {
            "start": { "line": 43, "column": 48 },
            "end": { "line": 43, "column": 50 }
          }
        ],
        "line": 43
      },
      "4": {
        "loc": {
          "start": { "line": 43, "column": 9 },
          "end": { "line": 43, "column": 32 }
        },
        "type": "binary-expr",
        "locations": [
          {
            "start": { "line": 43, "column": 9 },
            "end": { "line": 43, "column": 16 }
          },
          {
            "start": { "line": 43, "column": 20 },
            "end": { "line": 43, "column": 32 }
          }
        ],
        "line": 43
      },
      "5": {
        "loc": {
          "start": { "line": 52, "column": 4 },
          "end": { "line": 68, "column": 5 }
        },
        "type": "if",
        "locations": [
          {
            "start": { "line": 52, "column": 4 },
            "end": { "line": 68, "column": 5 }
          },
          {
            "start": { "line": 52, "column": 4 },
            "end": { "line": 68, "column": 5 }
          }
        ],
        "line": 52
      },
      "6": {
        "loc": {
          "start": { "line": 55, "column": 6 },
          "end": { "line": 58, "column": 7 }
        },
        "type": "if",
        "locations": [
          {
            "start": { "line": 55, "column": 6 },
            "end": { "line": 58, "column": 7 }
          },
          {
            "start": { "line": 55, "column": 6 },
            "end": { "line": 58, "column": 7 }
          }
        ],
        "line": 55
      },
      "7": {
        "loc": {
          "start": { "line": 59, "column": 6 },
          "end": { "line": 67, "column": 7 }
        },
        "type": "if",
        "locations": [
          {
            "start": { "line": 59, "column": 6 },
            "end": { "line": 67, "column": 7 }
          },
          {
            "start": { "line": 59, "column": 6 },
            "end": { "line": 67, "column": 7 }
          }
        ],
        "line": 59
      }
    },
    "s": {
      "0": 2,
      "1": 2,
      "2": 2,
      "3": 0,
      "4": 0,
      "5": 0,
      "6": 0,
      "7": 0,
      "8": 0,
      "9": 0,
      "10": 0,
      "11": 0,
      "12": 0,
      "13": 0,
      "14": 0,
      "15": 0,
      "16": 0,
      "17": 0,
      "18": 2,
      "19": 0,
      "20": 0,
      "21": 0,
      "22": 0,
      "23": 0,
      "24": 0,
      "25": 0,
      "26": 0,
      "27": 0,
      "28": 0,
      "29": 2
    },
    "f": { "0": 0, "1": 0, "2": 0, "3": 0 },
    "b": {
      "0": [0, 0],
      "1": [0, 0],
      "2": [0, 0],
      "3": [0, 0],
      "4": [0, 0],
      "5": [0, 0],
      "6": [0, 0],
      "7": [0, 0]
    },
    "_coverageSchema": "1a1c01bbd47fc00a2c39e90264f33305004495a9",
    "hash": "0f879efe3c92138487268041f88cda0ad30ca4d6"
  },
  "/Users/fanping/myself/node/convertPath/lib/filter/convertUseToGroup.js": {
    "path": "/Users/fanping/myself/node/convertPath/lib/filter/convertUseToGroup.js",
    "statementMap": {
      "0": {
        "start": { "line": 1, "column": 18 },
        "end": { "line": 1, "column": 40 }
      },
      "1": {
        "start": { "line": 3, "column": 20 },
        "end": { "line": 3, "column": 31 }
      },
      "2": {
        "start": { "line": 5, "column": 21 },
        "end": { "line": 67, "column": 1 }
      },
      "3": {
        "start": { "line": 6, "column": 2 },
        "end": { "line": 66, "column": 4 }
      },
      "4": {
        "start": { "line": 7, "column": 4 },
        "end": { "line": 65, "column": 5 }
      },
      "5": {
        "start": { "line": 8, "column": 20 },
        "end": { "line": 8, "column": 68 }
      },
      "6": {
        "start": { "line": 9, "column": 23 },
        "end": { "line": 9, "column": 48 }
      },
      "7": {
        "start": { "line": 10, "column": 6 },
        "end": { "line": 10, "column": 28 }
      },
      "8": {
        "start": { "line": 11, "column": 6 },
        "end": { "line": 62, "column": 7 }
      },
      "9": {
        "start": { "line": 12, "column": 22 },
        "end": { "line": 12, "column": 44 }
      },
      "10": {
        "start": { "line": 13, "column": 27 },
        "end": { "line": 13, "column": 54 }
      },
      "11": {
        "start": { "line": 15, "column": 8 },
        "end": { "line": 42, "column": 9 }
      },
      "12": {
        "start": { "line": 16, "column": 26 },
        "end": { "line": 16, "column": 28 }
      },
      "13": {
        "start": { "line": 17, "column": 18 },
        "end": { "line": 17, "column": 19 }
      },
      "14": {
        "start": { "line": 18, "column": 18 },
        "end": { "line": 18, "column": 19 }
      },
      "15": {
        "start": { "line": 19, "column": 10 },
        "end": { "line": 19, "column": 70 }
      },
      "16": {
        "start": { "line": 19, "column": 39 },
        "end": { "line": 19, "column": 70 }
      },
      "17": {
        "start": { "line": 20, "column": 10 },
        "end": { "line": 20, "column": 70 }
      },
      "18": {
        "start": { "line": 20, "column": 39 },
        "end": { "line": 20, "column": 70 }
      },
      "19": {
        "start": { "line": 21, "column": 10 },
        "end": { "line": 23, "column": 11 }
      },
      "20": {
        "start": { "line": 22, "column": 12 },
        "end": { "line": 22, "column": 54 }
      },
      "21": {
        "start": { "line": 25, "column": 10 },
        "end": { "line": 25, "column": 69 }
      },
      "22": {
        "start": { "line": 25, "column": 32 },
        "end": { "line": 25, "column": 69 }
      },
      "23": {
        "start": { "line": 27, "column": 10 },
        "end": { "line": 32, "column": 11 }
      },
      "24": {
        "start": { "line": 28, "column": 12 },
        "end": { "line": 31, "column": 13 }
      },
      "25": {
        "start": { "line": 33, "column": 10 },
        "end": { "line": 33, "column": 35 }
      },
      "26": {
        "start": { "line": 34, "column": 10 },
        "end": { "line": 34, "column": 35 }
      },
      "27": {
        "start": { "line": 35, "column": 10 },
        "end": { "line": 35, "column": 35 }
      },
      "28": {
        "start": { "line": 36, "column": 10 },
        "end": { "line": 36, "column": 44 }
      },
      "29": {
        "start": { "line": 37, "column": 10 },
        "end": { "line": 37, "column": 39 }
      },
      "30": {
        "start": { "line": 39, "column": 10 },
        "end": { "line": 41, "column": 12 }
      },
      "31": {
        "start": { "line": 40, "column": 12 },
        "end": { "line": 40, "column": 47 }
      },
      "32": {
        "start": { "line": 44, "column": 8 },
        "end": { "line": 57, "column": 9 }
      },
      "33": {
        "start": { "line": 45, "column": 28 },
        "end": { "line": 45, "column": 54 }
      },
      "34": {
        "start": { "line": 46, "column": 30 },
        "end": { "line": 46, "column": 52 }
      },
      "35": {
        "start": { "line": 47, "column": 10 },
        "end": { "line": 47, "column": 49 }
      },
      "36": {
        "start": { "line": 48, "column": 10 },
        "end": { "line": 48, "column": 47 }
      },
      "37": {
        "start": { "line": 49, "column": 10 },
        "end": { "line": 51, "column": 12 }
      },
      "38": {
        "start": { "line": 50, "column": 12 },
        "end": { "line": 50, "column": 53 }
      },
      "39": {
        "start": { "line": 53, "column": 10 },
        "end": { "line": 55, "column": 12 }
      },
      "40": {
        "start": { "line": 54, "column": 12 },
        "end": { "line": 54, "column": 41 }
      },
      "41": {
        "start": { "line": 56, "column": 10 },
        "end": { "line": 56, "column": 34 }
      },
      "42": {
        "start": { "line": 59, "column": 8 },
        "end": { "line": 59, "column": 53 }
      },
      "43": {
        "start": { "line": 61, "column": 8 },
        "end": { "line": 61, "column": 49 }
      },
      "44": {
        "start": { "line": 63, "column": 11 },
        "end": { "line": 65, "column": 5 }
      },
      "45": {
        "start": { "line": 64, "column": 6 },
        "end": { "line": 64, "column": 29 }
      },
      "46": {
        "start": { "line": 74, "column": 26 },
        "end": { "line": 85, "column": 1 }
      },
      "47": {
        "start": { "line": 75, "column": 2 },
        "end": { "line": 75, "column": 40 }
      },
      "48": {
        "start": { "line": 77, "column": 2 },
        "end": { "line": 84, "column": 4 }
      },
      "49": {
        "start": { "line": 78, "column": 17 },
        "end": { "line": 78, "column": 39 }
      },
      "50": {
        "start": { "line": 79, "column": 4 },
        "end": { "line": 83, "column": 5 }
      },
      "51": {
        "start": { "line": 80, "column": 6 },
        "end": { "line": 80, "column": 39 }
      },
      "52": {
        "start": { "line": 81, "column": 11 },
        "end": { "line": 83, "column": 5 }
      },
      "53": {
        "start": { "line": 82, "column": 6 },
        "end": { "line": 82, "column": 39 }
      },
      "54": {
        "start": { "line": 87, "column": 0 },
        "end": { "line": 87, "column": 30 }
      }
    },
    "fnMap": {
      "0": {
        "name": "(anonymous_0)",
        "decl": {
          "start": { "line": 5, "column": 21 },
          "end": { "line": 5, "column": 22 }
        },
        "loc": {
          "start": { "line": 5, "column": 40 },
          "end": { "line": 67, "column": 1 }
        },
        "line": 5
      },
      "1": {
        "name": "(anonymous_1)",
        "decl": {
          "start": { "line": 6, "column": 42 },
          "end": { "line": 6, "column": 43 }
        },
        "loc": {
          "start": { "line": 6, "column": 50 },
          "end": { "line": 66, "column": 3 }
        },
        "line": 6
      },
      "2": {
        "name": "(anonymous_2)",
        "decl": {
          "start": { "line": 39, "column": 42 },
          "end": { "line": 39, "column": 43 }
        },
        "loc": {
          "start": { "line": 39, "column": 67 },
          "end": { "line": 41, "column": 11 }
        },
        "line": 39
      },
      "3": {
        "name": "(anonymous_3)",
        "decl": {
          "start": { "line": 49, "column": 48 },
          "end": { "line": 49, "column": 49 }
        },
        "loc": {
          "start": { "line": 49, "column": 73 },
          "end": { "line": 51, "column": 11 }
        },
        "line": 49
      },
      "4": {
        "name": "(anonymous_4)",
        "decl": {
          "start": { "line": 53, "column": 47 },
          "end": { "line": 53, "column": 48 }
        },
        "loc": {
          "start": { "line": 53, "column": 55 },
          "end": { "line": 55, "column": 11 }
        },
        "line": 53
      },
      "5": {
        "name": "(anonymous_5)",
        "decl": {
          "start": { "line": 74, "column": 26 },
          "end": { "line": 74, "column": 27 }
        },
        "loc": {
          "start": { "line": 74, "column": 33 },
          "end": { "line": 85, "column": 1 }
        },
        "line": 74
      },
      "6": {
        "name": "(anonymous_6)",
        "decl": {
          "start": { "line": 77, "column": 22 },
          "end": { "line": 77, "column": 23 }
        },
        "loc": {
          "start": { "line": 77, "column": 28 },
          "end": { "line": 84, "column": 3 }
        },
        "line": 77
      }
    },
    "branchMap": {
      "0": {
        "loc": {
          "start": { "line": 7, "column": 4 },
          "end": { "line": 65, "column": 5 }
        },
        "type": "if",
        "locations": [
          {
            "start": { "line": 7, "column": 4 },
            "end": { "line": 65, "column": 5 }
          },
          {
            "start": { "line": 7, "column": 4 },
            "end": { "line": 65, "column": 5 }
          }
        ],
        "line": 7
      },
      "1": {
        "loc": {
          "start": { "line": 11, "column": 6 },
          "end": { "line": 62, "column": 7 }
        },
        "type": "if",
        "locations": [
          {
            "start": { "line": 11, "column": 6 },
            "end": { "line": 62, "column": 7 }
          },
          {
            "start": { "line": 11, "column": 6 },
            "end": { "line": 62, "column": 7 }
          }
        ],
        "line": 11
      },
      "2": {
        "loc": {
          "start": { "line": 15, "column": 8 },
          "end": { "line": 42, "column": 9 }
        },
        "type": "if",
        "locations": [
          {
            "start": { "line": 15, "column": 8 },
            "end": { "line": 42, "column": 9 }
          },
          {
            "start": { "line": 15, "column": 8 },
            "end": { "line": 42, "column": 9 }
          }
        ],
        "line": 15
      },
      "3": {
        "loc": {
          "start": { "line": 19, "column": 10 },
          "end": { "line": 19, "column": 70 }
        },
        "type": "if",
        "locations": [
          {
            "start": { "line": 19, "column": 10 },
            "end": { "line": 19, "column": 70 }
          },
          {
            "start": { "line": 19, "column": 10 },
            "end": { "line": 19, "column": 70 }
          }
        ],
        "line": 19
      },
      "4": {
        "loc": {
          "start": { "line": 19, "column": 43 },
          "end": { "line": 19, "column": 70 }
        },
        "type": "binary-expr",
        "locations": [
          {
            "start": { "line": 19, "column": 43 },
            "end": { "line": 19, "column": 65 }
          },
          {
            "start": { "line": 19, "column": 69 },
            "end": { "line": 19, "column": 70 }
          }
        ],
        "line": 19
      },
      "5": {
        "loc": {
          "start": { "line": 20, "column": 10 },
          "end": { "line": 20, "column": 70 }
        },
        "type": "if",
        "locations": [
          {
            "start": { "line": 20, "column": 10 },
            "end": { "line": 20, "column": 70 }
          },
          {
            "start": { "line": 20, "column": 10 },
            "end": { "line": 20, "column": 70 }
          }
        ],
        "line": 20
      },
      "6": {
        "loc": {
          "start": { "line": 20, "column": 43 },
          "end": { "line": 20, "column": 70 }
        },
        "type": "binary-expr",
        "locations": [
          {
            "start": { "line": 20, "column": 43 },
            "end": { "line": 20, "column": 65 }
          },
          {
            "start": { "line": 20, "column": 69 },
            "end": { "line": 20, "column": 70 }
          }
        ],
        "line": 20
      },
      "7": {
        "loc": {
          "start": { "line": 21, "column": 10 },
          "end": { "line": 23, "column": 11 }
        },
        "type": "if",
        "locations": [
          {
            "start": { "line": 21, "column": 10 },
            "end": { "line": 23, "column": 11 }
          },
          {
            "start": { "line": 21, "column": 10 },
            "end": { "line": 23, "column": 11 }
          }
        ],
        "line": 21
      },
      "8": {
        "loc": {
          "start": { "line": 25, "column": 10 },
          "end": { "line": 25, "column": 69 }
        },
        "type": "if",
        "locations": [
          {
            "start": { "line": 25, "column": 10 },
            "end": { "line": 25, "column": 69 }
          },
          {
            "start": { "line": 25, "column": 10 },
            "end": { "line": 25, "column": 69 }
          }
        ],
        "line": 25
      },
      "9": {
        "loc": {
          "start": { "line": 25, "column": 14 },
          "end": { "line": 25, "column": 30 }
        },
        "type": "binary-expr",
        "locations": [
          {
            "start": { "line": 25, "column": 14 },
            "end": { "line": 25, "column": 20 }
          },
          {
            "start": { "line": 25, "column": 24 },
            "end": { "line": 25, "column": 30 }
          }
        ],
        "line": 25
      },
      "10": {
        "loc": {
          "start": { "line": 27, "column": 10 },
          "end": { "line": 32, "column": 11 }
        },
        "type": "if",
        "locations": [
          {
            "start": { "line": 27, "column": 10 },
            "end": { "line": 32, "column": 11 }
          },
          {
            "start": { "line": 27, "column": 10 },
            "end": { "line": 32, "column": 11 }
          }
        ],
        "line": 27
      },
      "11": {
        "loc": {
          "start": { "line": 44, "column": 8 },
          "end": { "line": 57, "column": 9 }
        },
        "type": "if",
        "locations": [
          {
            "start": { "line": 44, "column": 8 },
            "end": { "line": 57, "column": 9 }
          },
          {
            "start": { "line": 44, "column": 8 },
            "end": { "line": 57, "column": 9 }
          }
        ],
        "line": 44
      },
      "12": {
        "loc": {
          "start": { "line": 63, "column": 11 },
          "end": { "line": 65, "column": 5 }
        },
        "type": "if",
        "locations": [
          {
            "start": { "line": 63, "column": 11 },
            "end": { "line": 65, "column": 5 }
          },
          {
            "start": { "line": 63, "column": 11 },
            "end": { "line": 65, "column": 5 }
          }
        ],
        "line": 63
      },
      "13": {
        "loc": {
          "start": { "line": 79, "column": 4 },
          "end": { "line": 83, "column": 5 }
        },
        "type": "if",
        "locations": [
          {
            "start": { "line": 79, "column": 4 },
            "end": { "line": 83, "column": 5 }
          },
          {
            "start": { "line": 79, "column": 4 },
            "end": { "line": 83, "column": 5 }
          }
        ],
        "line": 79
      },
      "14": {
        "loc": {
          "start": { "line": 81, "column": 11 },
          "end": { "line": 83, "column": 5 }
        },
        "type": "if",
        "locations": [
          {
            "start": { "line": 81, "column": 11 },
            "end": { "line": 83, "column": 5 }
          },
          {
            "start": { "line": 81, "column": 11 },
            "end": { "line": 83, "column": 5 }
          }
        ],
        "line": 81
      }
    },
    "s": {
[...]
      },
      "1": {
        "start": { "line": 15, "column": 24 },
        "end": { "line": 52, "column": 1 }
      },
      "2": {
        "start": { "line": 16, "column": 15 },
        "end": { "line": 16, "column": 42 }
      },
      "3": {
        "start": { "line": 18, "column": 2 },
        "end": { "line": 49, "column": 4 }
      },
      "4": {
        "start": { "line": 19, "column": 4 },
        "end": { "line": 39, "column": 5 }
      },
      "5": {
        "start": { "line": 20, "column": 6 },
        "end": { "line": 38, "column": 8 }
      },
      "6": {
        "start": { "line": 21, "column": 8 },
        "end": { "line": 29, "column": 9 }
      },
      "7": {
        "start": { "line": 22, "column": 29 },
        "end": { "line": 22, "column": 39 }
      },
      "8": {
        "start": { "line": 24, "column": 10 },
        "end": { "line": 26, "column": 11 }
      },
      "9": {
        "start": { "line": 25, "column": 12 },
        "end": { "line": 25, "column": 64 }
      },
      "10": {
        "start": { "line": 28, "column": 10 },
        "end": { "line": 28, "column": 56 }
      },
      "11": {
        "start": { "line": 31, "column": 8 },
        "end": { "line": 37, "column": 9 }
      },
      "12": {
        "start": { "line": 36, "column": 10 },
        "end": { "line": 36, "column": 54 }
      },
      "13": {
        "start": { "line": 42, "column": 4 },
        "end": { "line": 44, "column": 5 }
      },
      "14": {
        "start": { "line": 43, "column": 6 },
        "end": { "line": 43, "column": 46 }
      },
      "15": {
        "start": { "line": 46, "column": 4 },
        "end": { "line": 48, "column": 5 }
      },
      "16": {
        "start": { "line": 47, "column": 6 },
        "end": { "line": 47, "column": 27 }
      },
      "17": {
        "start": { "line": 51, "column": 2 },
        "end": { "line": 51, "column": 35 }
      },
      "18": {
        "start": { "line": 58, "column": 21 },
        "end": { "line": 69, "column": 1 }
      },
      "19": {
        "start": { "line": 59, "column": 2 },
        "end": { "line": 68, "column": 4 }
      },
      "20": {
        "start": { "line": 60, "column": 4 },
        "end": { "line": 67, "column": 5 }
      },
      "21": {
        "start": { "line": 61, "column": 6 },
        "end": { "line": 66, "column": 7 }
      },
      "22": {
        "start": { "line": 62, "column": 8 },
        "end": { "line": 62, "column": 29 }
      },
      "23": {
        "start": { "line": 65, "column": 8 },
        "end": { "line": 65, "column": 41 }
      },
      "24": {
        "start": { "line": 71, "column": 0 },
        "end": { "line": 71, "column": 25 }
      }
    },
    "fnMap": {
      "0": {
        "name": "(anonymous_0)",
        "decl": {
          "start": { "line": 15, "column": 24 },
          "end": { "line": 15, "column": 25 }
        },
        "loc": {
          "start": { "line": 15, "column": 32 },
          "end": { "line": 52, "column": 1 }
        },
        "line": 15
      },
      "1": {
        "name": "(anonymous_1)",
        "decl": {
          "start": { "line": 18, "column": 34 },
          "end": { "line": 18, "column": 35 }
        },
        "loc": {
          "start": { "line": 18, "column": 42 },
          "end": { "line": 49, "column": 3 }
        },
        "line": 18
      },
      "2": {
        "name": "(anonymous_2)",
        "decl": {
          "start": { "line": 20, "column": 15 },
          "end": { "line": 20, "column": 16 }
        },
        "loc": {
          "start": { "line": 20, "column": 23 },
          "end": { "line": 38, "column": 7 }
        },
        "line": 20
      },
      "3": {
        "name": "(anonymous_3)",
        "decl": {
          "start": { "line": 58, "column": 21 },
          "end": { "line": 58, "column": 22 }
        },
        "loc": {
          "start": { "line": 58, "column": 28 },
          "end": { "line": 69, "column": 1 }
        },
        "line": 58
      },
      "4": {
        "name": "(anonymous_4)",
        "decl": {
          "start": { "line": 59, "column": 53 },
          "end": { "line": 59, "column": 54 }
        },
        "loc": {
          "start": { "line": 59, "column": 61 },
          "end": { "line": 68, "column": 3 }
        },
        "line": 59
      }
    },
    "branchMap": {
      "0": {
        "loc": {
          "start": { "line": 19, "column": 4 },
          "end": { "line": 39, "column": 5 }
        },
        "type": "if",
        "locations": [
          {
            "start": { "line": 19, "column": 4 },
            "end": { "line": 39, "column": 5 }
          },
          {
            "start": { "line": 19, "column": 4 },
            "end": { "line": 39, "column": 5 }
          }
        ],
        "line": 19
      },
      "1": {
        "loc": {
          "start": { "line": 21, "column": 8 },
          "end": { "line": 29, "column": 9 }
        },
        "type": "if",
        "locations": [
          {
            "start": { "line": 21, "column": 8 },
            "end": { "line": 29, "column": 9 }
          },
          {
            "start": { "line": 21, "column": 8 },
            "end": { "line": 29, "column": 9 }
          }
        ],
        "line": 21
      },
      "2": {
        "loc": {
          "start": { "line": 24, "column": 10 },
          "end": { "line": 26, "column": 11 }
        },
        "type": "if",
        "locations": [
          {
            "start": { "line": 24, "column": 10 },
            "end": { "line": 26, "column": 11 }
          },
          {
            "start": { "line": 24, "column": 10 },
            "end": { "line": 26, "column": 11 }
          }
        ],
        "line": 24
      },
      "3": {
        "loc": {
          "start": { "line": 31, "column": 8 },
          "end": { "line": 37, "column": 9 }
        },
        "type": "if",
        "locations": [
          {
            "start": { "line": 31, "column": 8 },
            "end": { "line": 37, "column": 9 }
          },
          {
            "start": { "line": 31, "column": 8 },
            "end": { "line": 37, "column": 9 }
          }
        ],
        "line": 31
      },
      "4": {
        "loc": {
          "start": { "line": 32, "column": 10 },
          "end": { "line": 34, "column": 53 }
        },
        "type": "binary-expr",
        "locations": [
          {
            "start": { "line": 32, "column": 10 },
            "end": { "line": 32, "column": 27 }
          },
          {
            "start": { "line": 33, "column": 10 },
            "end": { "line": 33, "column": 43 }
          },
          {
            "start": { "line": 34, "column": 10 },
            "end": { "line": 34, "column": 53 }
          }
        ],
        "line": 32
      },
      "5": {
        "loc": {
          "start": { "line": 42, "column": 4 },
          "end": { "line": 44, "column": 5 }
        },
        "type": "if",
        "locations": [
          {
            "start": { "line": 42, "column": 4 },
            "end": { "line": 44, "column": 5 }
          },
          {
            "start": { "line": 42, "column": 4 },
            "end": { "line": 44, "column": 5 }
          }
        ],
        "line": 42
      },
      "6": {
        "loc": {
          "start": { "line": 42, "column": 10 },
          "end": { "line": 42, "column": 70 }
        },
        "type": "binary-expr",
        "locations": [
          {
            "start": { "line": 42, "column": 10 },
            "end": { "line": 42, "column": 45 }
          },
          {
            "start": { "line": 42, "column": 49 },
            "end": { "line": 42, "column": 70 }
          }
        ],
        "line": 42
      },
      "7": {
        "loc": {
          "start": { "line": 46, "column": 4 },
          "end": { "line": 48, "column": 5 }
        },
        "type": "if",
        "locations": [
          {
            "start": { "line": 46, "column": 4 },
            "end": { "line": 48, "column": 5 }
          },
          {
            "start": { "line": 46, "column": 4 },
            "end": { "line": 48, "column": 5 }
          }
        ],
        "line": 46
      },
      "8": {
        "loc": {
          "start": { "line": 46, "column": 8 },
          "end": { "line": 46, "column": 67 }
        },
        "type": "binary-expr",
        "locations": [
          {
            "start": { "line": 46, "column": 8 },
            "end": { "line": 46, "column": 43 }
          },
          {
            "start": { "line": 46, "column": 47 },
            "end": { "line": 46, "column": 67 }
          }
        ],
        "line": 46
      },
      "9": {
        "loc": {
          "start": { "line": 60, "column": 4 },
          "end": { "line": 67, "column": 5 }
        },
        "type": "if",
        "locations": [
          {
            "start": { "line": 60, "column": 4 },
            "end": { "line": 67, "column": 5 }
          },
          {
            "start": { "line": 60, "column": 4 },
            "end": { "line": 67, "column": 5 }
          }
        ],
        "line": 60
      },
      "10": {
        "loc": {
          "start": { "line": 61, "column": 6 },
          "end": { "line": 66, "column": 7 }
        },
        "type": "if",
        "locations": [
          {
            "start": { "line": 61, "column": 6 },
            "end": { "line": 66, "column": 7 }
          },
          {
            "start": { "line": 61, "column": 6 },
            "end": { "line": 66, "column": 7 }
          }
        ],
        "line": 61
      }
    },
    "s": {
      "0": 2,
      "1": 2,
      "2": 1,
      "3": 1,
      "4": 2,
      "5": 2,
      "6": 2,
      "7": 2,
      "8": 2,
      "9": 2,
      "10": 2,
      "11": 2,
      "12": 0,
      "13": 2,
      "14": 2,
      "15": 2,
      "16": 0,
      "17": 1,
      "18": 2,
      "19": 1,
      "20": 1,
      "21": 1,
      "22": 1,
      "23": 0,
      "24": 2
    },
    "f": { "0": 1, "1": 2, "2": 2, "3": 1, "4": 1 },
    "b": {
      "0": [2, 0],
      "1": [2, 0],
      "2": [2, 0],
      "3": [0, 2],
      "4": [2, 2, 0],
      "5": [2, 0],
      "6": [2, 0],
      "7": [0, 2],
      "8": [2, 0],
      "9": [1, 0],
      "10": [1, 0]
    },
    "_coverageSchema": "1a1c01bbd47fc00a2c39e90264f33305004495a9",
    "hash": "e45556f067feee5beda6ff9094b65c61a79c0fe5"
  },
  "/Users/fanping/myself/node/convertPath/lib/filter/viewBoxTransform.js": {
    "path": "/Users/fanping/myself/node/convertPath/lib/filter/viewBoxTransform.js",
    "statementMap": {
      "0": {
        "start": { "line": 1, "column": 18 },
        "end": { "line": 1, "column": 40 }
      },
      "1": {
        "start": { "line": 2, "column": 16 },
        "end": { "line": 2, "column": 34 }
      },
      "2": {
        "start": { "line": 4, "column": 22 },
        "end": { "line": 4, "column": 45 }
      },
      "3": {
        "start": { "line": 4, "column": 31 },
        "end": { "line": 4, "column": 45 }
      },
      "4": {
        "start": { "line": 6, "column": 14 },
        "end": { "line": 6, "column": 32 }
      },
      "5": {
        "start": { "line": 12, "column": 18 },
        "end": { "line": 38, "column": 1 }
      },
      "6": {
        "start": { "line": 13, "column": 2 },
        "end": { "line": 37, "column": 4 }
      },
      "7": {
        "start": { "line": 14, "column": 4 },
        "end": { "line": 36, "column": 5 }
      },
      "8": {
        "start": { "line": 15, "column": 6 },
        "end": { "line": 33, "column": 7 }
      },
      "9": {
        "start": { "line": 16, "column": 8 },
        "end": { "line": 26, "column": 9 }
      },
      "10": {
        "start": { "line": 17, "column": 24 },
        "end": { "line": 17, "column": 46 }
      },
      "11": {
        "start": { "line": 18, "column": 10 },
        "end": { "line": 25, "column": 11 }
      },
      "12": {
        "start": { "line": 29, "column": 8 },
        "end": { "line": 32, "column": 9 }
      },
      "13": {
        "start": { "line": 30, "column": 24 },
        "end": { "line": 30, "column": 57 }
      },
      "14": {
        "start": { "line": 31, "column": 10 },
        "end": { "line": 31, "column": 73 }
      },
      "15": {
        "start": { "line": 34, "column": 11 },
        "end": { "line": 36, "column": 5 }
      },
      "16": {
        "start": { "line": 35, "column": 6 },
        "end": { "line": 35, "column": 44 }
      },
      "17": {
        "start": { "line": 40, "column": 25 },
        "end": { "line": 58, "column": 1 }
      },
      "18": {
        "start": { "line": 41, "column": 2 },
        "end": { "line": 43, "column": 3 }
      },
      "19": {
        "start": { "line": 42, "column": 4 },
        "end": { "line": 42, "column": 32 }
      },
      "20": {
        "start": { "line": 45, "column": 4 },
        "end": { "line": 46, "column": 47 }
      },
      "21": {
        "start": { "line": 47, "column": 2 },
        "end": { "line": 47, "column": 49 }
      },
      "22": {
        "start": { "line": 47, "column": 47 },
        "end": { "line": 47, "column": 48 }
      },
      "23": {
        "start": { "line": 48, "column": 16 },
        "end": { "line": 48, "column": 39 }
      },
      "24": {
        "start": { "line": 49, "column": 16 },
        "end": { "line": 49, "column": 39 }
      },
      "25": {
        "start": { "line": 51, "column": 2 },
        "end": { "line": 53, "column": 41 }
      },
      "26": {
        "start": { "line": 55, "column": 2 },
        "end": { "line": 55, "column": 55 }
      },
      "27": {
        "start": { "line": 57, "column": 2 },
        "end": { "line": 57, "column": 64 }
      },
      "28": {
        "start": { "line": 60, "column": 0 },
        "end": { "line": 60, "column": 29 }
      }
    },
    "fnMap": {
      "0": {
        "name": "(anonymous_0)",
        "decl": {
          "start": { "line": 4, "column": 22 },
          "end": { "line": 4, "column": 23 }
        },
        "loc": {
          "start": { "line": 4, "column": 31 },
          "end": { "line": 4, "column": 45 }
        },
        "line": 4
      },
      "1": {
        "name": "(anonymous_1)",
        "decl": {
          "start": { "line": 12, "column": 18 },
          "end": { "line": 12, "column": 19 }
        },
        "loc": {
          "start": { "line": 12, "column": 51 },
          "end": { "line": 38, "column": 1 }
        },
        "line": 12
      },
      "2": {
        "name": "(anonymous_2)",
        "decl": {
          "start": { "line": 13, "column": 38 },
          "end": { "line": 13, "column": 39 }
        },
        "loc": {
          "start": { "line": 13, "column": 46 },
          "end": { "line": 37, "column": 3 }
        },
        "line": 13
      },
      "3": {
        "name": "(anonymous_3)",
        "decl": {
          "start": { "line": 40, "column": 25 },
          "end": { "line": 40, "column": 26 }
        },
        "loc": {
          "start": { "line": 40, "column": 40 },
          "end": { "line": 58, "column": 1 }
        },
        "line": 40
      },
      "4": {
        "name": "(anonymous_4)",
        "decl": {
          "start": { "line": 47, "column": 42 },
          "end": { "line": 47, "column": 43 }
        },
        "loc": {
          "start": { "line": 47, "column": 47 },
          "end": { "line": 47, "column": 48 }
        },
        "line": 47
      }
    },
    "branchMap": {
      "0": {
        "loc": {
          "start": { "line": 14, "column": 4 },
          "end": { "line": 36, "column": 5 }
        },
        "type": "if",
        "locations": [
          {
            "start": { "line": 14, "column": 4 },
            "end": { "line": 36, "column": 5 }
          },
          {
            "start": { "line": 14, "column": 4 },
            "end": { "line": 36, "column": 5 }
          }
        ],
        "line": 14
      },
      "1": {
        "loc": {
          "start": { "line": 15, "column": 6 },
          "end": { "line": 33, "column": 7 }
        },
        "type": "if",
        "locations": [
          {
            "start": { "line": 15, "column": 6 },
            "end": { "line": 33, "column": 7 }
          },
          {
            "start": { "line": 15, "column": 6 },
            "end": { "line": 33, "column": 7 }
          }
        ],
        "line": 15
      },
      "2": {
        "loc": {
          "start": { "line": 16, "column": 8 },
          "end": { "line": 26, "column": 9 }
        },
        "type": "if",
        "locations": [
          {
            "start": { "line": 16, "column": 8 },
            "end": { "line": 26, "column": 9 }
          },
          {
            "start": { "line": 16, "column": 8 },
            "end": { "line": 26, "column": 9 }
          }
        ],
        "line": 16
      },
      "3": {
        "loc": {
          "start": { "line": 29, "column": 8 },
          "end": { "line": 32, "column": 9 }
        },
        "type": "if",
        "locations": [
          {
            "start": { "line": 29, "column": 8 },
            "end": { "line": 32, "column": 9 }
          },
          {
            "start": { "line": 29, "column": 8 },
            "end": { "line": 32, "column": 9 }
          }
        ],
        "line": 29
      },
      "4": {
        "loc": {
          "start": { "line": 34, "column": 11 },
          "end": { "line": 36, "column": 5 }
        },
        "type": "if",
        "locations": [
          {
            "start": { "line": 34, "column": 11 },
            "end": { "line": 36, "column": 5 }
          },
          {
            "start": { "line": 34, "column": 11 },
            "end": { "line": 36, "column": 5 }
          }
        ],
        "line": 34
      },
      "5": {
        "loc": {
          "start": { "line": 41, "column": 2 },
          "end": { "line": 43, "column": 3 }
        },
        "type": "if",
        "locations": [
          {
            "start": { "line": 41, "column": 2 },
            "end": { "line": 43, "column": 3 }
          },
          {
            "start": { "line": 41, "column": 2 },
            "end": { "line": 43, "column": 3 }
          }
        ],
        "line": 41
      },
      "6": {
        "loc": {
          "start": { "line": 45, "column": 4 },
          "end": { "line": 46, "column": 47 }
        },
        "type": "binary-expr",
        "locations": [
          {
            "start": { "line": 45, "column": 4 },
            "end": { "line": 45, "column": 47 }
          },
          {
            "start": { "line": 46, "column": 4 },
            "end": { "line": 46, "column": 47 }
          }
        ],
        "line": 45
      },
      "7": {
        "loc": {
          "start": { "line": 51, "column": 2 },
          "end": { "line": 53, "column": 41 }
        },
        "type": "cond-expr",
        "locations": [
          {
            "start": { "line": 52, "column": 7 },
            "end": { "line": 52, "column": 40 }
          },
          {
            "start": { "line": 53, "column": 7 },
            "end": { "line": 53, "column": 40 }
          }
        ],
        "line": 51
      }
    },
    "s": {
      "0": 2,
      "1": 2,
      "2": 2,
      "3": 0,
      "4": 2,
      "5": 2,
      "6": 0,
      "7": 0,
      "8": 0,
      "9": 0,
      "10": 0,
      "11": 0,
      "12": 0,
      "13": 0,
      "14": 0,
      "15": 0,
      "16": 0,
      "17": 2,
      "18": 0,
      "19": 0,
      "20": 0,
      "21": 0,
      "22": 0,
      "23": 0,
      "24": 0,
      "25": 0,
      "26": 0,
      "27": 0,
      "28": 2
    },
    "f": { "0": 0, "1": 0, "2": 0, "3": 0, "4": 0 },
    "b": {
      "0": [0, 0],
      "1": [0, 0],
      "2": [0, 0],
      "3": [0, 0],
      "4": [0, 0],
      "5": [0, 0],
      "6": [0, 0],
      "7": [0, 0]
    },
    "_coverageSchema": "1a1c01bbd47fc00a2c39e90264f33305004495a9",
    "hash": "a7c092341de2da8f8dc5d04f7e36d2bad3a207a7"
  }
}
