TN:
SF:lib/dispatcher.js
FN:11,(anonymous_0)
FN:15,(anonymous_1)
FN:19,(anonymous_2)
FN:23,(anonymous_3)
FN:27,(anonymous_4)
FN:31,(anonymous_5)
FN:48,Compose
FN:58,(anonymous_7)
FN:63,dispatch
FN:86,(anonymous_9)
FN:92,(anonymous_10)
FNF:11
FNH:1
FNDA:0,(anonymous_0)
FNDA:0,(anonymous_1)
FNDA:0,(anonymous_2)
FNDA:0,(anonymous_3)
FNDA:0,(anonymous_4)
FNDA:0,(anonymous_5)
FNDA:0,Compose
FNDA:0,(anonymous_7)
FNDA:0,dispatch
FNDA:7,(anonymous_9)
FNDA:0,(anonymous_10)
DA:1,2
DA:2,2
DA:3,2
DA:4,2
DA:5,2
DA:6,2
DA:8,2
DA:10,2
DA:12,0
DA:13,0
DA:16,0
DA:17,0
DA:20,0
DA:21,0
DA:24,0
DA:25,0
DA:28,0
DA:29,0
DA:32,0
DA:33,0
DA:49,0
DA:50,0
DA:52,0
DA:53,0
DA:54,0
DA:58,0
DA:61,0
DA:62,0
DA:64,0
DA:65,0
DA:66,0
DA:67,0
DA:69,0
DA:70,0
DA:71,0
DA:74,0
DA:75,0
DA:86,2
DA:87,7
DA:88,7
DA:90,7
DA:92,7
DA:93,0
DA:94,0
DA:99,7
DA:102,2
LF:46
LH:15
BRDA:49,0,0,0
BRDA:49,0,1,0
BRDA:53,1,0,0
BRDA:53,1,1,0
BRDA:66,2,0,0
BRDA:66,2,1,0
BRDA:69,3,0,0
BRDA:69,3,1,0
BRDA:86,4,0,7
BRDA:88,5,0,0
BRDA:88,5,1,7
BRDA:93,6,0,0
BRDA:93,6,1,0
BRDA:99,7,0,0
BRDA:99,7,1,7
BRF:15
BRH:3
end_of_record
TN:
SF:lib/index.js
FNF:0
FNH:0
DA:1,2
DA:3,2
LF:2
LH:2
BRF:0
BRH:0
end_of_record
TN:
SF:lib/parse.js
FN:12,(anonymous_0)
FN:23,(anonymous_1)
FN:38,(anonymous_2)
FN:61,(anonymous_3)
FN:82,(anonymous_4)
FN:93,(anonymous_5)
FN:102,(anonymous_6)
FN:105,(anonymous_7)
FN:109,(anonymous_8)
FNF:9
FNH:4
FNDA:7,(anonymous_0)
FNDA:7,(anonymous_1)
FNDA:0,(anonymous_2)
FNDA:7,(anonymous_3)
FNDA:0,(anonymous_4)
FNDA:8,(anonymous_5)
FNDA:0,(anonymous_6)
FNDA:0,(anonymous_7)
FNDA:0,(anonymous_8)
DA:2,2
DA:3,2
DA:4,2
DA:5,2
DA:6,2
DA:7,2
DA:10,2
DA:12,2
DA:13,7
DA:23,2
DA:24,7
DA:25,0
DA:29,0
DA:39,0
DA:40,0
DA:44,0
DA:45,0
DA:46,0
DA:49,0
DA:53,0
DA:54,0
DA:62,7
DA:63,7
DA:67,7
DA:68,7
DA:69,0
DA:72,0
DA:74,7
DA:75,7
DA:83,0
DA:84,0
DA:85,0
DA:86,0
DA:94,8
DA:103,0
DA:104,0
DA:105,0
DA:106,0
DA:107,0
DA:108,0
DA:109,0
DA:110,0
DA:112,0
DA:116,0
DA:120,2
LF:45
LH:19
BRDA:24,0,0,0
BRDA:24,0,1,7
BRDA:38,1,0,0
BRDA:45,2,0,0
BRDA:45,2,1,0
BRDA:61,3,0,0
BRDA:68,4,0,0
BRDA:68,4,1,7
BRDA:82,5,0,0
BRDA:108,6,0,0
BRDA:108,6,1,0
BRDA:110,7,0,0
BRDA:110,7,1,0
BRF:13
BRH:2
end_of_record
TN:
SF:lib/utils.js
FN:11,writeToFile
FN:13,(anonymous_1)
FN:23,readToFile
FNF:3
FNH:0
FNDA:0,writeToFile
FNDA:0,(anonymous_1)
FNDA:0,readToFile
DA:2,2
DA:3,2
DA:12,0
DA:13,0
DA:14,0
DA:15,0
DA:24,0
DA:25,0
DA:26,0
DA:29,2
LF:10
LH:3
BRDA:14,0,0,0
BRDA:14,0,1,0
BRDA:15,1,0,0
BRDA:15,1,1,0
BRDA:25,2,0,0
BRDA:25,2,1,0
BRF:6
BRH:0
end_of_record
TN:
SF:lib/filter/convertShapeToPath.js
FN:12,generatePathNode
FN:15,(anonymous_1)
FN:22,convertPathData
FN:108,(anonymous_3)
FN:142,(anonymous_4)
FN:178,(anonymous_5)
FN:197,(anonymous_6)
FN:232,transNode
FN:237,(anonymous_8)
FN:248,convertShapeToPath
FN:249,(anonymous_10)
FNF:11
FNH:10
FNDA:6,generatePathNode
FNDA:25,(anonymous_1)
FNDA:6,convertPathData
FNDA:6,(anonymous_3)
FNDA:3,(anonymous_4)
FNDA:4,(anonymous_5)
FNDA:4,(anonymous_6)
FNDA:6,transNode
FNDA:0,(anonymous_8)
FNDA:6,convertShapeToPath
FNDA:6,(anonymous_10)
DA:3,2
DA:5,2
DA:13,6
DA:14,6
DA:15,6
DA:16,25
DA:19,6
DA:23,6
DA:24,6
DA:26,6
DA:28,1
DA:29,1
DA:30,1
DA:31,1
DA:39,1
DA:41,1
DA:46,1
DA:47,1
DA:50,1
DA:58,1
DA:61,0
DA:106,1
DA:107,1
DA:108,1
DA:109,6
DA:111,1
DA:113,1
DA:116,1
DA:117,1
DA:118,1
DA:120,1
DA:140,1
DA:141,1
DA:142,1
DA:143,3
DA:145,1
DA:147,1
DA:150,1
DA:151,1
DA:152,1
DA:153,1
DA:154,1
DA:156,1
DA:176,1
DA:177,1
DA:178,1
DA:179,4
DA:181,1
DA:183,1
DA:186,1
DA:187,1
DA:188,1
DA:189,1
DA:190,1
DA:191,0
DA:194,1
DA:195,1
DA:196,1
DA:197,1
DA:198,4
DA:200,1
DA:202,1
DA:206,2
DA:209,2
DA:210,0
DA:213,2
DA:219,2
DA:220,2
DA:221,2
DA:222,2
DA:224,2
DA:234,6
DA:235,6
DA:236,0
DA:237,0
DA:238,0
DA:248,2
DA:249,6
DA:250,6
LF:79
LH:73
BRDA:23,0,0,0
BRDA:23,0,1,6
BRDA:26,1,0,1
BRDA:26,1,1,1
BRDA:26,1,2,1
BRDA:26,1,3,1
BRDA:26,1,4,1
BRDA:26,1,5,2
BRDA:39,2,0,1
BRDA:39,2,1,1
BRDA:39,2,2,1
BRDA:41,3,0,1
BRDA:41,3,1,1
BRDA:41,3,2,1
BRDA:46,4,0,0
BRDA:46,4,1,1
BRDA:47,5,0,0
BRDA:47,5,1,1
BRDA:50,6,0,1
BRDA:50,6,1,0
BRDA:50,7,0,1
BRDA:50,7,1,0
BRDA:154,8,0,0
BRDA:154,8,1,1
BRDA:190,9,0,0
BRDA:190,9,1,1
BRDA:206,10,0,2
BRDA:206,10,1,0
BRDA:209,11,0,0
BRDA:209,11,1,2
BRDA:217,12,0,1
BRDA:217,12,1,1
BRDA:234,13,0,6
BRDA:234,13,1,0
BRDA:234,14,0,6
BRDA:234,14,1,6
BRDA:236,15,0,0
BRDA:236,15,1,0
BRF:38
BRH:26
end_of_record
TN:
SF:lib/filter/convertTransfromforPath.js
FN:10,(anonymous_0)
FN:19,(anonymous_1)
FN:50,(anonymous_2)
FN:51,(anonymous_3)
FNF:4
FNH:0
FNDA:0,(anonymous_0)
FNDA:0,(anonymous_1)
FNDA:0,(anonymous_2)
FNDA:0,(anonymous_3)
DA:2,2
DA:3,2
DA:10,2
DA:11,0
DA:12,0
DA:13,0
DA:15,0
DA:19,0
DA:21,0
DA:23,0
DA:25,0
DA:26,0
DA:30,0
DA:31,0
DA:32,0
DA:33,0
DA:35,0
DA:43,0
DA:50,2
DA:51,0
DA:52,0
DA:53,0
DA:55,0
DA:56,0
DA:57,0
DA:59,0
DA:60,0
DA:65,0
DA:66,0
DA:72,2
LF:30
LH:5
BRDA:21,0,0,0
BRDA:21,0,1,0
BRDA:23,1,0,0
BRDA:23,1,1,0
BRDA:32,2,0,0
BRDA:32,2,1,0
BRDA:43,3,0,0
BRDA:43,3,1,0
BRDA:43,4,0,0
BRDA:43,4,1,0
BRDA:52,5,0,0
BRDA:52,5,1,0
BRDA:55,6,0,0
BRDA:55,6,1,0
BRDA:59,7,0,0
BRDA:59,7,1,0
BRF:16
BRH:0
end_of_record
TN:
SF:lib/filter/convertUseToGroup.js
FN:5,(anonymous_0)
FN:6,(anonymous_1)
FN:39,(anonymous_2)
FN:49,(anonymous_3)
FN:53,(anonymous_4)
FN:74,(anonymous_5)
FN:77,(anonymous_6)
FNF:7
FNH:0
FNDA:0,(anonymous_0)
FNDA:0,(anonymous_1)
FNDA:0,(anonymous_2)
FNDA:0,(anonymous_3)
FNDA:0,(anonymous_4)
FNDA:0,(anonymous_5)
FNDA:0,(anonymous_6)
DA:1,2
DA:3,2
DA:5,2
DA:6,0
DA:7,0
DA:8,0
DA:9,0
DA:10,0
DA:11,0
DA:12,0
DA:13,0
DA:15,0
DA:16,0
DA:17,0
DA:18,0
DA:19,0
DA:20,0
DA:21,0
DA:22,0
DA:25,0
DA:27,0
DA:28,0
DA:33,0
DA:34,0
DA:35,0
DA:36,0
DA:37,0
DA:39,0
DA:40,0
DA:44,0
DA:45,0
DA:46,0
DA:47,0
DA:48,0
DA:49,0
DA:50,0
DA:53,0
DA:54,0
DA:56,0
DA:59,0
DA:61,0
DA:63,0
DA:64,0
DA:74,2
DA:75,0
DA:77,0
DA:78,0
DA:79,0
DA:80,0
DA:81,0
DA:82,0
DA:87,2
LF:52
LH:5
BRDA:7,0,0,0
BRDA:7,0,1,0
BRDA:11,1,0,0
BRDA:11,1,1,0
BRDA:15,2,0,0
BRDA:15,2,1,0
BRDA:19,3,0,0
BRDA:19,3,1,0
BRDA:19,4,0,0
BRDA:19,4,1,0
BRDA:20,5,0,0
BRDA:20,5,1,0
BRDA:20,6,0,0
BRDA:20,6,1,0
BRDA:21,7,0,0
BRDA:21,7,1,0
BRDA:25,8,0,0
BRDA:25,8,1,0
BRDA:25,9,0,0
BRDA:25,9,1,0
BRDA:27,10,0,0
BRDA:27,10,1,0
BRDA:44,11,0,0
BRDA:44,11,1,0
BRDA:63,12,0,0
BRDA:63,12,1,0
BRDA:79,13,0,0
BRDA:79,13,1,0
BRDA:81,14,0,0
BRDA:81,14,1,0
BRF:30
BRH:0
end_of_record
TN:
SF:lib/filter/removeGradient.js
FN:8,(anonymous_0)
FN:9,(anonymous_1)
FNF:2
FNH:0
FNDA:0,(anonymous_0)
FNDA:0,(anonymous_1)
DA:1,2
DA:3,2
DA:8,2
DA:9,0
DA:10,0
DA:11,0
DA:15,0
DA:21,2
LF:8
LH:4
BRDA:10,0,0,0
BRDA:10,0,1,0
BRDA:11,1,0,0
BRDA:11,1,1,0
BRDA:12,2,0,0
BRDA:12,2,1,0
BRF:6
BRH:0
end_of_record
TN:
SF:lib/filter/removeGroups.js
FN:15,(anonymous_0)
FN:18,(anonymous_1)
FN:20,(anonymous_2)
FN:58,(anonymous_3)
FN:59,(anonymous_4)
FNF:5
FNH:5
FNDA:1,(anonymous_0)
FNDA:2,(anonymous_1)
FNDA:2,(anonymous_2)
FNDA:1,(anonymous_3)
FNDA:1,(anonymous_4)
DA:1,2
DA:15,2
DA:16,1
DA:18,1
DA:19,2
DA:20,2
DA:21,2
DA:22,2
DA:24,2
DA:25,2
DA:28,2
DA:31,2
DA:36,0
DA:42,2
DA:43,2
DA:46,2
DA:47,0
DA:51,1
DA:58,2
DA:59,1
DA:60,1
DA:61,1
DA:62,1
DA:65,0
DA:71,2
LF:25
LH:22
BRDA:19,0,0,2
BRDA:19,0,1,0
BRDA:21,1,0,2
BRDA:21,1,1,0
BRDA:24,2,0,2
BRDA:24,2,1,0
BRDA:31,3,0,0
BRDA:31,3,1,2
BRDA:32,4,0,2
BRDA:32,4,1,2
BRDA:32,4,2,0
BRDA:42,5,0,2
BRDA:42,5,1,0
BRDA:42,6,0,2
BRDA:42,6,1,0
BRDA:46,7,0,0
BRDA:46,7,1,2
BRDA:46,8,0,2
BRDA:46,8,1,0
BRDA:60,9,0,1
BRDA:60,9,1,0
BRDA:61,10,0,1
BRDA:61,10,1,0
BRF:23
BRH:12
end_of_record
TN:
SF:lib/filter/viewBoxTransform.js
FN:4,(anonymous_0)
FN:12,(anonymous_1)
FN:13,(anonymous_2)
FN:40,(anonymous_3)
FN:47,(anonymous_4)
FNF:5
FNH:0
FNDA:0,(anonymous_0)
FNDA:0,(anonymous_1)
FNDA:0,(anonymous_2)
FNDA:0,(anonymous_3)
FNDA:0,(anonymous_4)
DA:1,2
DA:2,2
DA:4,2
DA:6,2
DA:12,2
DA:13,0
DA:14,0
DA:15,0
DA:16,0
DA:17,0
DA:18,0
DA:29,0
DA:30,0
DA:31,0
DA:34,0
DA:35,0
DA:40,2
DA:41,0
DA:42,0
DA:45,0
DA:47,0
DA:48,0
DA:49,0
DA:51,0
DA:55,0
DA:57,0
DA:60,2
LF:27
LH:7
BRDA:14,0,0,0
BRDA:14,0,1,0
BRDA:15,1,0,0
BRDA:15,1,1,0
BRDA:16,2,0,0
BRDA:16,2,1,0
BRDA:29,3,0,0
BRDA:29,3,1,0
BRDA:34,4,0,0
BRDA:34,4,1,0
BRDA:41,5,0,0
BRDA:41,5,1,0
BRDA:45,6,0,0
BRDA:45,6,1,0
BRDA:51,7,0,0
BRDA:51,7,1,0
BRF:16
BRH:0
end_of_record
